
 ************************************************************
 ************************************************************
 ****  T-BLADE3:Turbomachinery BLADE 3D Geometry Builder ****
 ****                                                    ****
 ****  Master Version 1.13                               ****
 ****                                                    ****
 ****  ...was also called as below till Aug 2016...      ****
 ****  3DBGB: 3 Dimensional Blade Geometry Builder       ****
 ****                                                    ****
 ****  Develop Version 1.2                               ****
 ****                                                    ****
 ****  This software comes with ABSOLUTELY NO WARRANTY   ****
 ****                                                    ****
 ****  This is a program which generates a 3D blade...   ****
 ****  ...shape and outputs 3D blade section files.      ****
 ****                                                    ****
 ****  Inputs: LE and TE curve(x,r), inlet angle,        ****
 ****          exit angle, chord, tm/c, incidence,       ****
 ****          deviation, secondary flow angles,         ****
 ****          streamline coordinates:(x,r)              ****
 ****          control points for sweep, lean,           ****
 ****          blade scaling factor.                     ****
 ****                                                    ****
 ****  Outputs: 3D blade sections (x,y,z),               ****
 ****           2D airfoils (mprime,theta).              ****
 ****                                                    ****
 ****  ---------------by Kiran Siddappaji         ----   ****
 ****  ---------------by Mark G. Turner           ----   ****
 ****  ------------------- turnermr@ucmail.uc.edu ----   ****
 ****  ---------------by Karthik Balasubramanian  ----   ****
 ****  ---------------by Syed Moez Hussain Mahmood----   ****
 ****  ---------------by Ahmed Nemnem             ----   ****
 ****  ---------------by Marshall C. Galbraith    ----   ****
 ************************************************************
 ************************************************************

 T-Blade3 Copyright (C) 2017 University of Cincinnati, developed by Kiran Siddappaji,
 Dr. Mark G. Turner, Karthik  Balasubramanian, Syed Moez Hussain, Ahmed Farid Nemnem 
  and Marshall C. Galbraith.

 This program is free software; you can redistribute it and/or modify it under the 
 terms of the GNU General Public License as published by the Free Software Foundation; 
 either version 2 of the License, or (at your option) any later version.

 This program is distributed in the hope that it will be useful, but WITHOUT ANY WARRANTY;
 without even the implied warranty of MERCHANTABILITY or FITNESS FOR A PARTICULAR PURPOSE. 
 See the GNU General Public License for more details.  For the complete terms of the 
 GNU General Public License, please see this URL: http://www.gnu.org/licenses/gpl-2.0.html

 ************************************************************

 2nd Argument: develop
 Row number and blade  type is 1                                                                                                                                                                                                                                                               
 
 3dbgbinput.1.dat                                                                                                                                                                                                                                                
 
 Incidence and Deviation defined spanwise as a B-spline using control points
 
 inci_dev_spline
 
 Reading inputs from file: 3dbgbinput.1.dat                                                                                                                                                                                                                                                
 
 Reading the spanwise_input file ....
 
 NACA spanwise input file read successfully

 case:GE_E3_Fan_rotor                                                                                                                                                                                                                                                 
 bladerow #:           1
   1       

 Number of blades in this row:          16
 bsf:   10.000000000000000     

 Number of streamlines:          18

    in_betaZ*    out_betaZ*
   42.119999999999997        1.4500000000000000     
   43.200000000000003        11.900000000000000     
   43.789999999999999        17.920000000000002     
   44.380000000000003        20.620000000000001     
   45.500000000000000        25.609999999999999     
   46.530000000000001        29.620000000000001     
   47.219999999999999        30.910000000000000     
   48.659999999999997        32.399999999999999     
   49.829999999999998        34.450000000000003     
   50.549999999999997        35.719999999999999     
   51.409999999999997        37.299999999999997     
   51.890000000000001        38.130000000000003     
   53.090000000000003        40.200000000000003     
   54.859999999999999        43.560000000000002     
   56.630000000000003        46.710000000000001     
   58.560000000000002        49.689999999999998     
   61.000000000000000        52.810000000000002     
   63.270000000000003        55.320000000000000     

 LE/TE defined by a curve with no. of points as:          18
 xLE    rLE     xTE     rTE
  -1.2700000000000000        36.067999999999998        17.789000000000001        47.884000000000000     
  -1.3660000000000001        43.784999999999997        17.884000000000000        52.947000000000003     
  -1.4290000000000000        49.488000000000000        17.981000000000002        56.957999999999998     
  -1.4310000000000000        52.313000000000002        17.891999999999999        59.043999999999997     
  -1.4219999999999999        57.048999999999999        17.850000000000001        62.753999999999998     
  -1.4410000000000001        60.613000000000000        17.800000000000001        65.724999999999994     
  -1.4490000000000001        62.683000000000000        17.782000000000000        67.491000000000000     
  -1.4199999999999999        66.361999999999995        17.783000000000001        70.587999999999994     
  -1.3640000000000001        69.828999999999994        17.792999999999999        73.453000000000003     
  -1.3060000000000000        71.823999999999998        17.766999999999999        75.087999999999994     
  -1.2370000000000001        74.233999999999995        17.699000000000002        77.272999999999996     
  -1.2130000000000001        75.638999999999996        17.657000000000000        78.412000000000006     
  -1.1730000000000000        79.254000000000005        17.545999999999999        81.340000000000003     
 -0.98799999999999999        84.921999999999997        17.350000000000001        85.915000000000006     
 -0.70699999999999996        90.238000000000000        17.062000000000001        90.210999999999999     
 -0.34699999999999998        95.260000000000005        16.673999999999999        94.355000000000004     
   5.0000000000000003E-002   100.11000000000000        16.305000000000000        98.424000000000007     
  0.46700000000000003        105.16700000000000        15.981000000000000        102.99500000000000     
 
 sect1                  25.000000000000000        0.0000000000000000       0.29999999999999999        2.0000000000000000E-002   2.0000000000000000E-002   15.000000000000000        10.000000000000000                0
 sect1                  25.000000000000000        0.0000000000000000       0.29999999999999999        2.0000000000000000E-002   2.0000000000000000E-002   15.000000000000000        10.000000000000000                0
 sect1                  25.000000000000000        0.0000000000000000       0.29999999999999999        2.0000000000000000E-002   2.0000000000000000E-002   15.000000000000000        10.000000000000000                0
 sect1                  25.000000000000000        0.0000000000000000       0.29999999999999999        2.0000000000000000E-002   2.0000000000000000E-002   15.000000000000000        10.000000000000000                0
 sect1                  25.000000000000000        0.0000000000000000       0.29999999999999999        2.0000000000000000E-002   2.0000000000000000E-002   15.000000000000000        10.000000000000000                0
 sect1                  25.000000000000000        0.0000000000000000       0.29999999999999999        2.0000000000000000E-002   2.0000000000000000E-002   15.000000000000000        10.000000000000000                0
 sect1                  25.000000000000000        0.0000000000000000       0.29999999999999999        2.0000000000000000E-002   2.0000000000000000E-002   15.000000000000000        10.000000000000000                0
 sect1                  25.000000000000000        0.0000000000000000       0.29999999999999999        2.0000000000000000E-002   2.0000000000000000E-002   15.000000000000000        10.000000000000000                0
 sect1                  25.000000000000000        0.0000000000000000       0.29999999999999999        2.0000000000000000E-002   2.0000000000000000E-002   15.000000000000000        10.000000000000000                0
 sect1                  25.000000000000000        0.0000000000000000       0.29999999999999999        2.0000000000000000E-002   2.0000000000000000E-002   15.000000000000000        10.000000000000000                0
 sect1                  25.000000000000000        0.0000000000000000       0.29999999999999999        2.0000000000000000E-002   2.0000000000000000E-002   15.000000000000000        10.000000000000000                0
 sect1                  25.000000000000000        0.0000000000000000       0.29999999999999999        2.0000000000000000E-002   2.0000000000000000E-002   15.000000000000000        10.000000000000000                0
 sect1                  25.000000000000000        0.0000000000000000       0.29999999999999999        2.0000000000000000E-002   2.0000000000000000E-002   15.000000000000000        10.000000000000000                0
 sect1                  25.000000000000000        0.0000000000000000       0.29999999999999999        2.0000000000000000E-002   2.0000000000000000E-002   15.000000000000000        10.000000000000000                0
 sect1                  25.000000000000000        0.0000000000000000       0.29999999999999999        2.0000000000000000E-002   2.0000000000000000E-002   15.000000000000000        10.000000000000000                0
 sect1                  25.000000000000000        0.0000000000000000       0.29999999999999999        2.0000000000000000E-002   2.0000000000000000E-002   15.000000000000000        10.000000000000000                0
 sect1                  25.000000000000000        0.0000000000000000       0.29999999999999999        2.0000000000000000E-002   2.0000000000000000E-002   15.000000000000000        10.000000000000000                0
 sect1                  25.000000000000000        0.0000000000000000       0.29999999999999999        2.0000000000000000E-002   2.0000000000000000E-002   15.000000000000000        10.000000000000000                0
 
 Sweep in the axial direction (m-prime).
 
 Lean in the tangential direction (theta).
 
 Writing dimensional hub and casing streamlines

 Using x_s and r_s coordinates for streamline from the input file...

 Calculating the m_prime coordinates for each streamline...

 
 hub offset:   0.0000000000000000     
 tip offset:   0.0000000000000000     

 xLE    rLE     xTE     rTE
 
 Calculating LE x, r points... 
 
 Calculating TE x, r points...
 
 i_slope          18
 i_slope           0
 i_slope           0
 i_slope           0
 i_slope           0
 i_slope           0
 i_slope           0
 i_slope           0
 i_slope           0
 i_slope           0
 i_slope           0
 i_slope           0
 i_slope           0
 i_slope           0
 i_slope           0
 i_slope           0
 i_slope           0
 i_slope           0
 
 ile:           4
 ite:          10
 ile:           4
 ite:           9
 ile:           4
 ite:          10
 ile:           5
 ite:           9
 ile:           4
 ite:           9
 ile:           5
 ite:           9
 ile:           5
 ite:           9
 ile:           5
 ite:           9
 ile:           5
 ite:           9
 ile:           4
 ite:           9
 ile:           5
 ite:           9
 ile:           5
 ite:           9
 ile:           5
 ite:           9
 ile:           4
 ite:           9
 ile:           5
 ite:           9
 ile:           5
 ite:           9
 ile:           4
 ite:           9
 ile:           4
 ite:          10

 Using x values for msLE due to a purely axial flow.
 Using x values for msTE due to a purely axial flow.
 msle:  0.80247442173129802     
 mste:   1.3453942411040201     
 chordm:  0.54291981937272205     
 Using x values for msLE due to a purely axial flow.
 Using x values for msTE due to a purely axial flow.
 msle:  0.59796355688784020     
 mste:   1.0471073500359784     
 chordm:  0.44914379314813824     
 Using x values for msLE due to a purely axial flow.
 Using x values for msTE due to a purely axial flow.
 msle:  0.49954143301065645     
 mste:  0.90050602897692578     
 chordm:  0.40096459596626932     
 Using x values for msLE due to a purely axial flow.
 Using x values for msTE due to a purely axial flow.
 msle:  0.46140896502719703     
 mste:  0.83996542551591702     
 chordm:  0.37855646048871999     
 Using x values for msLE due to a purely axial flow.
 Using x values for msTE due to a purely axial flow.
 msle:  0.40837556464938884     
 mste:  0.75448993927530572     
 chordm:  0.34611437462591688     
 Using x values for msLE due to a purely axial flow.
 Using x values for msTE due to a purely axial flow.
 msle:  0.37494996841406553     
 mste:  0.69902557186347380     
 chordm:  0.32407560344940828     
 Using x values for msLE due to a purely axial flow.
 Using x values for msTE due to a purely axial flow.
 msle:  0.35778208813509732     
 mste:  0.67007897218724455     
 chordm:  0.31229688405214723     
 Using x values for msLE due to a purely axial flow.
 Using x values for msTE due to a purely axial flow.
 msle:  0.33122467269987615     
 mste:  0.62449083039568154     
 chordm:  0.29326615769580539     
 Using x values for msLE due to a purely axial flow.
 Using x values for msTE due to a purely axial flow.
 msle:  0.30985829742581050     
 mste:  0.58710502416003119     
 chordm:  0.27724672673422068     
 Using x values for msLE due to a purely axial flow.
 Using x values for msTE due to a purely axial flow.
 msle:  0.29912433113555592     
 mste:  0.56722250121288909     
 chordm:  0.26809817007733316     
 Using x values for msLE due to a purely axial flow.
 Using x values for msTE due to a purely axial flow.
 msle:  0.28716201710618117     
 mste:  0.54358904241535710     
 chordm:  0.25642702530917594     
 Using x values for msLE due to a purely axial flow.
 Using x values for msTE due to a purely axial flow.
 msle:  0.28044754132249494     
 mste:  0.53116120863523097     
 chordm:  0.25071366731273603     
 Using x values for msLE due to a purely axial flow.
 Using x values for msTE due to a purely axial flow.
 msle:  0.26434959309538753     
 mste:  0.50163272823991090     
 chordm:  0.23728313514452337     
 Using x values for msLE due to a purely axial flow.
 Using x values for msTE due to a purely axial flow.
 msle:  0.24419026145244804     
 mste:  0.46141846278374055     
 chordm:  0.21722820133129250     
 Using x values for msLE due to a purely axial flow.
 Using x values for msTE due to a purely axial flow.
 msle:  0.22964790353424730     
 mste:  0.42839599449292265     
 chordm:  0.19874809095867535     
 Using x values for msLE due to a purely axial flow.
 Using x values for msTE due to a purely axial flow.
 msle:  0.21907389080646911     
 mste:  0.40005352386093379     
 chordm:  0.18097963305446468     
 Using x values for msLE due to a purely axial flow.
 Using x values for msTE due to a purely axial flow.
 msle:  0.21091028172912551     
 mste:  0.37609291502943698     
 chordm:  0.16518263330031147     
 Using x values for msLE due to a purely axial flow.
 Using x values for msTE due to a purely axial flow.
 msle:  0.20372982957219990     
 mste:  0.35419527565365522     
 chordm:  0.15046544608145532     
 
 phi_s_in(ia)   26.189405261755695     
 phi_s_in(ia)   22.525629036720975     
 phi_s_in(ia)   20.022594388950711     
 phi_s_in(ia)   18.935214039551475     
 phi_s_in(ia)   17.252993644895067     
 phi_s_in(ia)   16.030500378750602     
 phi_s_in(ia)   15.340156551118545     
 phi_s_in(ia)   14.113852178977293     
 phi_s_in(ia)   12.926799606942827     
 phi_s_in(ia)   12.264367293627862     
 phi_s_in(ia)   11.604565076125782     
 phi_s_in(ia)   11.090734834244149     
 phi_s_in(ia)   9.7032992348211131     
 phi_s_in(ia)   7.6955294327365138     
 phi_s_in(ia)   5.9799058473765596     
 phi_s_in(ia)   4.4489118783803798     
 phi_s_in(ia)   2.4903480351715768     
 phi_s_in(ia)  -1.4880483428260984     
 phi_s_out(ia)   29.583556126660195     
 phi_s_out(ia)   27.825401740102691     
 phi_s_out(ia)   26.619910017456050     
 phi_s_out(ia)   24.898467735347229     
 phi_s_out(ia)   22.864840149316141     
 phi_s_out(ia)   21.215467143842599     
 phi_s_out(ia)   20.309069804215071     
 phi_s_out(ia)   18.816443947983959     
 phi_s_out(ia)   17.408575920631531     
 phi_s_out(ia)   16.458238808211298     
 phi_s_out(ia)   15.173684829793054     
 phi_s_out(ia)   14.452091471887954     
 phi_s_out(ia)   12.634712787928690     
 phi_s_out(ia)   9.8098364577002606     
 phi_s_out(ia)   7.0481844536778278     
 phi_s_out(ia)   4.0172084351425745     
 phi_s_out(ia) -0.11944484362719153     
 phi_s_out(ia)  -6.6665699460658070     
 
 Creating cubic B-spline with spancontrolinput file
 Writing spanwise curvature variation data to file
 Writing spanwise thickness variation data to file
 B-spline created successfully

  Inlet Beta incidence defined spanwise by a cubic B-spline using control points.
    span         in_Beta (spline)
   0.0000000000000000        42.119999999999997        0.0000000000000000        42.119999999999997     
  0.11168034269671047        43.200000000000003        0.0000000000000000        43.200000000000003     
  0.19421409861213618        43.789999999999999        0.0000000000000000        43.789999999999999     
  0.23509746884911684        44.380000000000003        0.0000000000000000        44.380000000000003     
  0.30363681095240158        45.500000000000000        0.0000000000000000        45.500000000000000     
  0.35521498140349972        46.530000000000001        0.0000000000000000        46.530000000000001     
  0.38517199959486537        47.219999999999999        0.0000000000000000        47.219999999999999     
  0.43841444883428193        48.659999999999997        0.0000000000000000        48.659999999999997     
  0.48858883630734301        49.829999999999998        0.0000000000000000        49.829999999999998     
  0.51746045528878837        50.549999999999997        0.0000000000000000        50.549999999999997     
  0.55233794989797225        51.409999999999997        0.0000000000000000        51.409999999999997     
  0.57267109509544423        51.890000000000001        0.0000000000000000        51.890000000000001     
  0.62498733700921882        53.090000000000003        0.0000000000000000        53.090000000000003     
  0.70701457329339024        54.859999999999999        0.0000000000000000        54.859999999999999     
  0.78394766928611925        56.630000000000003        0.0000000000000000        56.630000000000003     
  0.85662600037628622        58.560000000000002        0.0000000000000000        58.560000000000002     
  0.92681514927857112        61.000000000000000        0.0000000000000000        61.000000000000000     
   1.0000000000000000        63.270000000000003        0.0000000000000000        63.270000000000003     

  Outlet Beta deviation defined spanwise by a cubic B-spline using control points.
    span        out_Beta (spline)
   0.0000000000000000        1.4500000000000000        0.0000000000000000        1.4500000000000000     
  0.11168034269671047        11.900000000000000        0.0000000000000000        11.900000000000000     
  0.19421409861213618        17.920000000000002        0.0000000000000000        17.920000000000002     
  0.23509746884911684        20.620000000000001        0.0000000000000000        20.620000000000001     
  0.30363681095240158        25.609999999999999        0.0000000000000000        25.609999999999999     
  0.35521498140349972        29.620000000000001        0.0000000000000000        29.620000000000001     
  0.38517199959486537        30.910000000000000        0.0000000000000000        30.910000000000000     
  0.43841444883428193        32.399999999999999        0.0000000000000000        32.399999999999999     
  0.48858883630734301        34.450000000000003        0.0000000000000000        34.450000000000003     
  0.51746045528878837        35.719999999999999        0.0000000000000000        35.719999999999999     
  0.55233794989797225        37.299999999999997        0.0000000000000000        37.299999999999997     
  0.57267109509544423        38.130000000000003        0.0000000000000000        38.130000000000003     
  0.62498733700921882        40.200000000000003        0.0000000000000000        40.200000000000003     
  0.70701457329339024        43.560000000000002        0.0000000000000000        43.560000000000002     
  0.78394766928611925        46.710000000000001        0.0000000000000000        46.710000000000001     
  0.85662600037628622        49.689999999999998        0.0000000000000000        49.689999999999998     
  0.92681514927857112        52.810000000000002        0.0000000000000000        52.810000000000002     
   1.0000000000000000        55.320000000000000        0.0000000000000000        55.320000000000000     
 
    span        chord_multipliers
   0.0000000000000000       0.99999999999999989     
  0.11168034269671047        1.0000000000000002     
  0.19421409861213618       0.99999999999999989     
  0.23509746884911684        1.0000000000000000     
  0.30363681095240158        1.0000000000000000     
  0.35521498140349972        1.0000000000000000     
  0.38517199959486537        1.0000000000000000     
  0.43841444883428193        1.0000000000000000     
  0.48858883630734301        1.0000000000000000     
  0.51746045528878837        1.0000000000000002     
  0.55233794989797225        1.0000000000000000     
  0.57267109509544423        1.0000000000000000     
  0.62498733700921882        1.0000000000000000     
  0.70701457329339024        1.0000000000000000     
  0.78394766928611925        1.0000000000000000     
  0.85662600037628622       0.99999999999999989     
  0.92681514927857112        1.0000000000000000     
   1.0000000000000000        1.0000000000000000     
 
 Chord multiplier calculated using spline control points...

 ---------------------------------------------------------------------------------
 airfoil type:           1 sect1
  =================================================== 
 Using ellipse based clustering function
 
 Hyperbolic midchord clustering with delta_TE =    3.9901611328124997     
 Hyperbolic midchord clustering with delta_TE =    4.4808593749999996     
 lethk =    2.0000000000000000E-002

Using curvature control for camber definition...
 xcp -0.14999999999999999        0.0000000000000000       0.14999999999999999       0.24999999999999997       0.49999999999999994       0.75000000000000000       0.94999999999999996        1.0000000000000000        1.0500000000000000     
 ycp -0.16085652106499998        0.0000000000000000       0.16085652106499998       0.36734052787900001        6.0692246699999994E-002  0.39217871236299995       -7.3852399159999998E-002   0.0000000000000000        7.3852399159999998E-002
Total camber is:  -37.794077731056241
Determinant is:    0.048543022830124
Possible values of scaling factor are:       -33.619795954656070        3.931477689932269
Camber line second derivative scaling factor:         3.931477689932269        0.000000000000000
Inlet u-v metal angle in deg:        19.795901237441466        0.000000000000000
Exit u-v metal angle in deg:       -17.998176493614768        0.000000000000000
Stagger angle in deg:        19.259215253645007       39.055116491086473
 
 Using modified NACA four digit thickness distribution
 Maximum thickness for the blade section =    6.2729999999999994E-002
 Chordwise location for the maximum thickness =   0.40000000000000002     
 Thickness at TE =    1.2239999999999999E-002
 Leading edge radius =    5.5000000000000000     
 TE derivative for maximum thickness chordwise location =  -0.19759950014051517     
 Modified NACA thickness coefficients (u < u_max) =   0.17072723691636024       -7.5777738540922152E-002 -0.13207045505439013        9.6796605757737880E-002
 Modified NACA thickness coefficients (u > u_max) =    1.0228715700291565E-002  0.20234330517870938      -0.23696698143146100        7.5941733832447955E-002
 
 Writing thickness data to file
 
 i_le =            0
 i_te =            0
         121
         241
 
 Stacking position on the chord as % of chord:   55.000000000000000     
 Stacking position in % above(+ve) or below(-ve) meanline :   0.0000000000000000     
 top curve points index range for % chord stacking:          63          64
 bottom curve points index range for % chord stacking:          62          63
 vtop_stack vbot_stack  0.16037214414999493        3.9876740119618087E-002
 
 u_stack  v_stack  0.55000000000000004        0.0000000000000000     
 
 chrd bladegen:   0.57510500636601414     
 pitch   0.39269908169872414     
 np_sidee         121
 n_normal_distance =           65
 Number of intersection points (k) =           65 from np_side of         121
 
 Writing non-dimensional throat points to a file for debugging...
 
 ******************************************
 
 Chord multiplier calculated using spline control points...

 ---------------------------------------------------------------------------------
 airfoil type:           2 sect1
  =================================================== 
 Using ellipse based clustering function
 
 Hyperbolic midchord clustering with delta_TE =    4.3934082031250004     
 Hyperbolic midchord clustering with delta_TE =    4.6946289062500011     
 lethk =    2.0000000000000000E-002

Using curvature control for camber definition...
 xcp -0.14999999999999999        0.0000000000000000       0.14999999999999999       0.25000000000000006       0.50000000000000011       0.75000000000000000       0.94999999999999996        1.0000000000000000        1.0500000000000000     
 ycp -0.16085652106500004        0.0000000000000000       0.16085652106500004       0.36734052787900001        6.0692246700000001E-002  0.39217871236299995       -7.3852399159999998E-002   0.0000000000000000        7.3852399159999998E-002
Total camber is:  -30.382093014574128
Determinant is:    0.040744244610040
Possible values of scaling factor are:       -42.389211234850983        3.118139589894873
Camber line second derivative scaling factor:         3.118139589894873        0.000000000000000
Inlet u-v metal angle in deg:        15.932837903107250        0.000000000000000
Exit u-v metal angle in deg:       -14.449255111466858        0.000000000000000
Stagger angle in deg:        25.006178236402221       40.939016139509469
 
 Using modified NACA four digit thickness distribution
 Maximum thickness for the blade section =    5.4072539834151008E-002
 Chordwise location for the maximum thickness =   0.40461579322322261     
 Thickness at TE =    1.0206598407475292E-002
 Leading edge radius =    5.5000000000000000     
 TE derivative for maximum thickness chordwise location =  -0.17317240335546846     
 Modified NACA thickness coefficients (u < u_max) =   0.14716491820396024       -6.8107954249010699E-002 -0.10197139532940663        7.1156363568656400E-002
 Modified NACA thickness coefficients (u > u_max) =    8.7034745787437397E-003  0.17676223116106446      -0.20981491754856629        6.8718743062589890E-002
 
 Writing thickness data to file
 
 i_le =            0
 i_te =            0
         121
         241
 
 Stacking position on the chord as % of chord:   55.000000000000000     
 Stacking position in % above(+ve) or below(-ve) meanline :   0.0000000000000000     
 top curve points index range for % chord stacking:          62          63
 bottom curve points index range for % chord stacking:          62          63
 vtop_stack vbot_stack  0.13142310353830328        2.7364195998082000E-002
 
 u_stack  v_stack  0.55000000000000004        0.0000000000000000     
 
 chrd bladegen:   0.49560026656121287     
 pitch   0.39269908169872414     
 np_sidee         121
 n_normal_distance =           38
 Number of intersection points (k) =           38 from np_side of         121
 
 Writing non-dimensional throat points to a file for debugging...
 
 ******************************************
 
 Chord multiplier calculated using spline control points...

 ---------------------------------------------------------------------------------
 airfoil type:           3 sect1
  =================================================== 
 Using ellipse based clustering function
 
 Hyperbolic midchord clustering with delta_TE =    4.7237792968750005     
 Hyperbolic midchord clustering with delta_TE =    4.8695312500000005     
 lethk =    2.0000000000000000E-002

Using curvature control for camber definition...
 xcp -0.14999999999999999        0.0000000000000000       0.14999999999999999       0.25000000000000006       0.50000000000000011       0.75000000000000000       0.95000000000000007        1.0000000000000000        1.0499999999999998     
 ycp -0.16085652106500004        0.0000000000000000       0.16085652106500004       0.36734052787900007        6.0692246700000008E-002  0.39217871236300000       -7.3852399160000012E-002   0.0000000000000000        7.3852399160000012E-002
Total camber is:  -25.884511700507847
Determinant is:    0.037467922739619
Possible values of scaling factor are:       -50.087006128719310        2.638917514776702
Camber line second derivative scaling factor:         2.638917514776702        0.000000000000000
Inlet u-v metal angle in deg:        13.582526958575189        0.000000000000000
Exit u-v metal angle in deg:       -12.301984741932646        0.000000000000000
Stagger angle in deg:        28.426478377047509       42.009005335622703
 
 Using modified NACA four digit thickness distribution
 Maximum thickness for the blade section =    4.7674523075587207E-002
 Chordwise location for the maximum thickness =   0.40854995958541929     
 Thickness at TE =    8.7638942992783360E-003
 Leading edge radius =    5.5000000000000000     
 TE derivative for maximum thickness chordwise location =  -0.15487566994901800     
 Modified NACA thickness coefficients (u < u_max) =   0.12975194637335025       -6.2048784395107623E-002  -8.1558708589166820E-002   5.4302731879885296E-002
 Modified NACA thickness coefficients (u > u_max) =    7.5899735821251648E-003  0.15771226681567305      -0.18954177287373680        6.3364028843137979E-002
 
 Writing thickness data to file
 
 i_le =            0
 i_te =            0
         121
         241
 
 Stacking position on the chord as % of chord:   55.000000000000000     
 Stacking position in % above(+ve) or below(-ve) meanline :   0.0000000000000000     
 top curve points index range for % chord stacking:          62          63
 bottom curve points index range for % chord stacking:          62          63
 vtop_stack vbot_stack  0.11313042150828077        2.1222505452993562E-002
 
 u_stack  v_stack  0.55000000000000004        0.0000000000000000     
 
 chrd bladegen:   0.45593759530454125     
 pitch   0.39269908169872414     
 np_sidee         121
 n_normal_distance =           29
 Number of intersection points (k) =           29 from np_side of         121
 
 Writing non-dimensional throat points to a file for debugging...
 
 ******************************************
 
 Chord multiplier calculated using spline control points...

 ---------------------------------------------------------------------------------
 airfoil type:           4 sect1
  =================================================== 
 Using ellipse based clustering function
 
 Hyperbolic midchord clustering with delta_TE =    4.9083984375000007     
 Hyperbolic midchord clustering with delta_TE =    4.9666992187499996     
 lethk =    2.0000000000000000E-002

Using curvature control for camber definition...
 xcp -0.14999999999999997        0.0000000000000000       0.14999999999999997       0.25000000000000000       0.50000000000000000       0.75000000000000000       0.94999999999999996        1.0000000000000000        1.0500000000000000     
 ycp -0.16085652106500004        0.0000000000000000       0.16085652106500004       0.36734052787899996        6.0692246700000001E-002  0.39217871236299995       -7.3852399159999998E-002   0.0000000000000000        7.3852399159999998E-002
Total camber is:  -23.943552486995539
Determinant is:    0.036309508287594
Possible values of scaling factor are:       -54.284375472829687        2.434871481610059
Camber line second derivative scaling factor:         2.434871481610059        0.000000000000000
Inlet u-v metal angle in deg:        12.566982473481120        0.000000000000000
Exit u-v metal angle in deg:       -11.376570013514431        0.000000000000000
Stagger angle in deg:        30.221397772503398       42.788380245984520
 
 Using modified NACA four digit thickness distribution
 Maximum thickness for the blade section =    4.4505244214816463E-002
 Chordwise location for the maximum thickness =   0.41078992860464492     
 Thickness at TE =    8.0826573972957796E-003
 Leading edge radius =    5.5000000000000000     
 TE derivative for maximum thickness chordwise location =  -0.14576766995210585     
 Modified NACA thickness coefficients (u < u_max) =   0.12112637291700050       -5.8893701433668490E-002  -7.2189667247198719E-002   4.6835920468821082E-002
 Modified NACA thickness coefficients (u > u_max) =    7.0550212938621133E-003  0.14827042247528152      -0.17966544252368011        6.0922340259535246E-002
 
 Writing thickness data to file
 
 i_le =            0
 i_te =            0
         121
         241
 
 Stacking position on the chord as % of chord:   55.000000000000000     
 Stacking position in % above(+ve) or below(-ve) meanline :   0.0000000000000000     
 top curve points index range for % chord stacking:          62          63
 bottom curve points index range for % chord stacking:          62          63
 vtop_stack vbot_stack  0.10491983783974401        1.9030158695743159E-002
 
 u_stack  v_stack  0.55000000000000004        0.0000000000000000     
 
 chrd bladegen:   0.43809999655097337     
 pitch   0.39269908169872414     
 np_sidee         121
 n_normal_distance =           26
 Number of intersection points (k) =           26 from np_side of         121
 
 Writing non-dimensional throat points to a file for debugging...
 
 ******************************************
 
 Chord multiplier calculated using spline control points...

 ---------------------------------------------------------------------------------
 airfoil type:           5 sect1
  =================================================== 
 Using ellipse based clustering function
 
 Hyperbolic midchord clustering with delta_TE =    5.2193359375000004     
 Hyperbolic midchord clustering with delta_TE =    5.1221679687500004     
 lethk =    2.0000000000000000E-002

Using curvature control for camber definition...
 xcp -0.14999999999999999        0.0000000000000000       0.14999999999999999       0.25000000000000000       0.50000000000000000       0.74999999999999989       0.94999999999999984        1.0000000000000000        1.0500000000000003     
 ycp -0.16085652106499998        0.0000000000000000       0.16085652106499998       0.36734052787899996        6.0692246700000001E-002  0.39217871236300000       -7.3852399159999998E-002   0.0000000000000000        7.3852399159999998E-002
Total camber is:  -20.351591140306311
Determinant is:    0.034506259326870
Possible values of scaling factor are:       -64.130386425176525        2.061042901870241
Camber line second derivative scaling factor:         2.061042901870241        0.000000000000000
Inlet u-v metal angle in deg:        10.685845591407144        0.000000000000000
Exit u-v metal angle in deg:        -9.665745548899189        0.000000000000000
Stagger angle in deg:        33.495363085197013       44.181208676604157
 
 Using modified NACA four digit thickness distribution
 Maximum thickness for the blade section =    3.9206237845066591E-002
 Chordwise location for the maximum thickness =   0.41514794699347501     
 Thickness at TE =    7.0058323920987936E-003
 Leading edge radius =    5.5000000000000000     
 TE derivative for maximum thickness chordwise location =  -0.13048794303895522     
 Modified NACA thickness coefficients (u < u_max) =   0.10670448999161253       -5.3338471209057006E-002  -5.7871925136784894E-002   3.5945345285441924E-002
 Modified NACA thickness coefficients (u > u_max) =    6.1970325222164592E-003  0.13249373976752027      -0.16357415803902106        5.7339856335699831E-002
 
 Writing thickness data to file
 
 i_le =            0
 i_te =            0
         121
         241
 
 Stacking position on the chord as % of chord:   55.000000000000000     
 Stacking position in % above(+ve) or below(-ve) meanline :   0.0000000000000000     
 top curve points index range for % chord stacking:          62          63
 bottom curve points index range for % chord stacking:          62          63
 vtop_stack vbot_stack   9.0365786244420557E-002   1.4534699569428450E-002
 
 u_stack  v_stack  0.55000000000000004        0.0000000000000000     
 
 chrd bladegen:   0.41503983833702768     
 pitch   0.39269908169872414     
 np_sidee         121
 n_normal_distance =           20
 Number of intersection points (k) =           20 from np_side of         121
 
 Writing non-dimensional throat points to a file for debugging...
 
 ******************************************
 
 Chord multiplier calculated using spline control points...

 ---------------------------------------------------------------------------------
 airfoil type:           6 sect1
  =================================================== 
 Using ellipse based clustering function
 
 Hyperbolic midchord clustering with delta_TE =    5.4914062500000007     
 Hyperbolic midchord clustering with delta_TE =    5.2582031249999996     
 lethk =    2.0000000000000000E-002

Using curvature control for camber definition...
 xcp -0.14999999999999997        0.0000000000000000       0.14999999999999997       0.24999999999999997       0.49999999999999994       0.75000000000000000       0.94999999999999996        1.0000000000000000        1.0500000000000000     
 ycp -0.16085652106499998        0.0000000000000000       0.16085652106499998       0.36734052787900007        6.0692246700000001E-002  0.39217871236300000       -7.3852399160000012E-002   0.0000000000000000        7.3852399160000012E-002
Total camber is:  -17.470523027836670
Determinant is:    0.033340054840653
Possible values of scaling factor are:       -74.917356892338276        1.764283781737674
Camber line second derivative scaling factor:         1.764283781737674        0.000000000000000
Inlet u-v metal angle in deg:         9.175547466058067        0.000000000000000
Exit u-v metal angle in deg:        -8.294975561778610        0.000000000000000
Stagger angle in deg:        36.218952855994694       45.394500322052757
 
 Using modified NACA four digit thickness distribution
 Maximum thickness for the blade section =    3.5300643168779594E-002
 Chordwise location for the maximum thickness =   0.41911366095250113     
 Thickness at TE =    6.2514464690973694E-003
 Leading edge radius =    5.5000000000000000     
 TE derivative for maximum thickness chordwise location =  -0.11923227139707741     
 Modified NACA thickness coefficients (u < u_max) =    9.6074944517394040E-002  -4.9061905536440478E-002  -4.8207268896290054E-002   2.8974752436019890E-002
 Modified NACA thickness coefficients (u > u_max) =    5.5849979934304971E-003  0.12091581702310208      -0.15212019813556901        5.5135829132369966E-002
 
 Writing thickness data to file
 
 i_le =            0
 i_te =            0
         121
         241
 
 Stacking position on the chord as % of chord:   55.000000000000000     
 Stacking position in % above(+ve) or below(-ve) meanline :   0.0000000000000000     
 top curve points index range for % chord stacking:          62          63
 bottom curve points index range for % chord stacking:          62          63
 vtop_stack vbot_stack   7.9101338506746388E-002   1.0682142935827463E-002
 
 u_stack  v_stack  0.55000000000000004        0.0000000000000000     
 
 chrd bladegen:   0.40169769751439094     
 pitch   0.39269908169872414     
 np_sidee         121
 n_normal_distance =           16
 Number of intersection points (k) =           16 from np_side of         121
 
 Writing non-dimensional throat points to a file for debugging...
 
 ******************************************
 
 Chord multiplier calculated using spline control points...

 ---------------------------------------------------------------------------------
 airfoil type:           7 sect1
  =================================================== 
 Using ellipse based clustering function
 
 Hyperbolic midchord clustering with delta_TE =    5.6468750000000005     
 Hyperbolic midchord clustering with delta_TE =    5.3359375000000000     
 lethk =    2.0000000000000000E-002

Using curvature control for camber definition...
 xcp -0.14999999999999999        0.0000000000000000       0.14999999999999999       0.25000000000000000       0.50000000000000000       0.75000000000000000       0.94999999999999984        1.0000000000000000        1.0500000000000003     
 ycp -0.16085652106500001        0.0000000000000000       0.16085652106500001       0.36734052787900001        6.0692246700000001E-002  0.39217871236300000       -7.3852399159999998E-002   0.0000000000000000        7.3852399159999998E-002
Total camber is:  -16.868200934725756
Determinant is:    0.033124692143059
Possible values of scaling factor are:       -77.633968241814074        1.702546974336101
Camber line second derivative scaling factor:         1.702546974336101        0.000000000000000
Inlet u-v metal angle in deg:         8.859655131648104        0.000000000000000
Exit u-v metal angle in deg:        -8.008545803077647        0.000000000000000
Stagger angle in deg:        37.322948360451818       46.182603492099929
 
 Using modified NACA four digit thickness distribution
 Maximum thickness for the blade section =    3.3098160480570543E-002
 Chordwise location for the maximum thickness =   0.42176559296072208     
 Thickness at TE =    5.8350070557672846E-003
 Leading edge radius =    5.5000000000000000     
 TE derivative for maximum thickness chordwise location =  -0.11290721126197659     
 Modified NACA thickness coefficients (u < u_max) =    9.0080623080855710E-002  -4.6601819139858933E-002  -4.3000325638986918E-002   2.5336131075035517E-002
 Modified NACA thickness coefficients (u > u_max) =    5.2424434367052504E-003  0.11442333204515150      -0.14583260212002014        5.4061820122017379E-002
 
 Writing thickness data to file
 
 i_le =            0
 i_te =            0
         121
         241
 
 Stacking position on the chord as % of chord:   55.000000000000000     
 Stacking position in % above(+ve) or below(-ve) meanline :   0.0000000000000000     
 top curve points index range for % chord stacking:          62          63
 bottom curve points index range for % chord stacking:          62          63
 vtop_stack vbot_stack   7.5437579374524569E-002   1.1197334870345011E-002
 
 u_stack  v_stack  0.55000000000000004        0.0000000000000000     
 
 chrd bladegen:   0.39271230666223778     
 pitch   0.39269908169872414     
 np_sidee         121
 n_normal_distance =           14
 Number of intersection points (k) =           14 from np_side of         121
 
 Writing non-dimensional throat points to a file for debugging...
 
 ******************************************
 
 Chord multiplier calculated using spline control points...

 ---------------------------------------------------------------------------------
 airfoil type:           8 sect1
  =================================================== 
 Using ellipse based clustering function
 
 Hyperbolic midchord clustering with delta_TE =    5.9578125000000011     
 Hyperbolic midchord clustering with delta_TE =    5.4914062500000007     
 lethk =    2.0000000000000000E-002

Using curvature control for camber definition...
 xcp -0.15000000000000002        0.0000000000000000       0.15000000000000002       0.25000000000000000       0.50000000000000000       0.75000000000000000       0.94999999999999996        1.0000000000000000        1.0500000000000000     
 ycp -0.16085652106500001        0.0000000000000000       0.16085652106500001       0.36734052787900007        6.0692246700000001E-002  0.39217871236300000       -7.3852399159999998E-002   0.0000000000000000        7.3852399159999998E-002
Total camber is:  -16.794104444580565
Determinant is:    0.033098846656028
Possible values of scaling factor are:       -77.981519241713855        1.694958998248167
Camber line second derivative scaling factor:         1.694958998248167        0.000000000000000
Inlet u-v metal angle in deg:         8.820791398389284        0.000000000000000
Exit u-v metal angle in deg:        -7.973313046191282        0.000000000000000
Stagger angle in deg:        38.966684304378916       47.787475702768198
 
 Using modified NACA four digit thickness distribution
 Maximum thickness for the blade section =    2.9358046669166721E-002
 Chordwise location for the maximum thickness =   0.42723845956698864     
 Thickness at TE =    5.1336623901217602E-003
 Leading edge radius =    5.5000000000000000     
 TE derivative for maximum thickness chordwise location =  -0.10223608263953583     
 Modified NACA thickness coefficients (u < u_max) =    7.9901453675886941E-002  -4.2368399461468226E-002  -3.4453927598729867E-002   1.9517264709493245E-002
 Modified NACA thickness coefficients (u > u_max) =    4.6568384266536854E-003  0.10348875523287400      -0.13548041343415573        5.2539017414042384E-002
 
 Writing thickness data to file
 
 i_le =            0
 i_te =            0
         121
         241
 
 Stacking position on the chord as % of chord:   55.000000000000000     
 Stacking position in % above(+ve) or below(-ve) meanline :   0.0000000000000000     
 top curve points index range for % chord stacking:          62          63
 bottom curve points index range for % chord stacking:          62          63
 vtop_stack vbot_stack   7.1689129274940117E-002   1.4547460088168825E-002
 
 u_stack  v_stack  0.55000000000000004        0.0000000000000000     
 
 chrd bladegen:   0.37718549448167199     
 pitch   0.39269908169872414     
 np_sidee         121
 n_normal_distance =           12
 Number of intersection points (k) =           12 from np_side of         121
 
 Writing non-dimensional throat points to a file for debugging...
 
 ******************************************
 
 Chord multiplier calculated using spline control points...

 ---------------------------------------------------------------------------------
 airfoil type:           9 sect1
  =================================================== 
 Using ellipse based clustering function
 
 Hyperbolic midchord clustering with delta_TE =    6.2298828125000005     
 Hyperbolic midchord clustering with delta_TE =    5.6468750000000005     
 lethk =    2.0000000000000000E-002

Using curvature control for camber definition...
 xcp -0.14999999999999999        0.0000000000000000       0.14999999999999999       0.25000000000000000       0.50000000000000000       0.75000000000000000       0.94999999999999996        1.0000000000000000        1.0500000000000000     
 ycp -0.16085652106500004        0.0000000000000000       0.16085652106500004       0.36734052787900001        6.0692246700000001E-002  0.39217871236300006       -7.3852399160000012E-002   0.0000000000000000        7.3852399160000012E-002
Total camber is:  -15.895788256171443
Determinant is:    0.032796580150615
Possible values of scaling factor are:       -82.450981449517357        1.603079495381547
Camber line second derivative scaling factor:         1.603079495381547        0.000000000000000
Inlet u-v metal angle in deg:         8.349567701516728        0.000000000000000
Exit u-v metal angle in deg:        -7.546220554654719        0.000000000000000
Stagger angle in deg:        40.753982088397365       49.103549789914091
 
 Using modified NACA four digit thickness distribution
 Maximum thickness for the blade section =    2.6101201540068203E-002
 Chordwise location for the maximum thickness =   0.43343337160850193     
 Thickness at TE =    4.5174879797820339E-003
 Leading edge radius =    5.5000000000000000     
 TE derivative for maximum thickness chordwise location =   -9.3065494616678665E-002
 Modified NACA thickness coefficients (u < u_max) =    7.1037558092346423E-002  -3.8654260354708099E-002  -2.7191994364393852E-002   1.4683322076430661E-002
 Modified NACA thickness coefficients (u > u_max) =    4.1322327630744001E-003   9.4107530199450257E-002 -0.12688396277356861        5.1577629061398872E-002
 
 Writing thickness data to file
 
 i_le =            0
 i_te =            0
         121
         241
 
 Stacking position on the chord as % of chord:   55.000000000000000     
 Stacking position in % above(+ve) or below(-ve) meanline :   0.0000000000000000     
 top curve points index range for % chord stacking:          62          63
 bottom curve points index range for % chord stacking:          62          63
 vtop_stack vbot_stack   6.6253092808668423E-002   1.5298573959289725E-002
 
 u_stack  v_stack  0.55000000000000004        0.0000000000000000     
 
 chrd bladegen:   0.36599280216841756     
 pitch   0.39269908169872414     
 np_sidee         121
 n_normal_distance =           11
 Number of intersection points (k) =           11 from np_side of         121
 
 Writing non-dimensional throat points to a file for debugging...
 
 ******************************************
 
 Chord multiplier calculated using spline control points...

 ---------------------------------------------------------------------------------
 airfoil type:          10 sect1
  =================================================== 
 Using ellipse based clustering function
 
 Hyperbolic midchord clustering with delta_TE =    6.4242187500000005     
 Hyperbolic midchord clustering with delta_TE =    5.7246093750000000     
 lethk =    2.0000000000000000E-002

Using curvature control for camber definition...
 xcp -0.14999999999999999        0.0000000000000000       0.14999999999999999       0.25000000000000000       0.50000000000000000       0.74999999999999989       0.94999999999999996        1.0000000000000000        1.0500000000000000     
 ycp -0.16085652106499998        0.0000000000000000       0.16085652106499998       0.36734052787900001        6.0692246700000008E-002  0.39217871236300000       -7.3852399159999998E-002   0.0000000000000000        7.3852399159999998E-002
Total camber is:  -15.307972930591603
Determinant is:    0.032609657724874
Possible values of scaling factor are:       -85.657571705285989        1.543068232083084
Camber line second derivative scaling factor:         1.543068232083084        0.000000000000000
Inlet u-v metal angle in deg:         8.041167704204783        0.000000000000000
Exit u-v metal angle in deg:        -7.266805226386834        0.000000000000000
Stagger angle in deg:        41.858434398558330       49.899602102763112
 
 Using modified NACA four digit thickness distribution
 Maximum thickness for the blade section =    2.4372055487319910E-002
 Chordwise location for the maximum thickness =   0.43751990314030659     
 Thickness at TE =    4.1823182161067531E-003
 Leading edge radius =    5.5000000000000000     
 TE derivative for maximum thickness chordwise location =   -8.8275967457840859E-002
 Modified NACA thickness coefficients (u < u_max) =    6.6331479217636602E-002  -3.6689404878317830E-002  -2.3335738166840390E-002   1.2134271203693606E-002
 Modified NACA thickness coefficients (u > u_max) =    3.8424843540276884E-003   8.9212263011384046E-002 -0.12254585729367164        5.1253086938034889E-002
 
 Writing thickness data to file
 
 i_le =            0
 i_te =            0
         121
         241
 
 Stacking position on the chord as % of chord:   55.000000000000000     
 Stacking position in % above(+ve) or below(-ve) meanline :   0.0000000000000000     
 top curve points index range for % chord stacking:          62          63
 bottom curve points index range for % chord stacking:          62          63
 vtop_stack vbot_stack   6.3080467439765198E-002   1.5413609563872830E-002
 
 u_stack  v_stack  0.55000000000000004        0.0000000000000000     
 
 chrd bladegen:   0.35996196257794399     
 pitch   0.39269908169872414     
 np_sidee         121
 n_normal_distance =            9
 Number of intersection points (k) =            9 from np_side of         121
 
 Writing non-dimensional throat points to a file for debugging...
 
 ******************************************
 
 Chord multiplier calculated using spline control points...

 ---------------------------------------------------------------------------------
 airfoil type:          11 sect1
  =================================================== 
 Using ellipse based clustering function
 
 Hyperbolic midchord clustering with delta_TE =    6.5796875000000004     
 Hyperbolic midchord clustering with delta_TE =    5.8412109375000005     
 lethk =    2.0000000000000000E-002

Using curvature control for camber definition...
 xcp -0.14999999999999999        0.0000000000000000       0.14999999999999999       0.25000000000000000       0.50000000000000000       0.75000000000000000       0.94999999999999996        1.0000000000000000        1.0500000000000000     
 ycp -0.16085652106500001        0.0000000000000000       0.16085652106500001       0.36734052787900001        6.0692246700000001E-002  0.39217871236300000       -7.3852399159999998E-002   0.0000000000000000        7.3852399159999998E-002
Total camber is:  -14.507101258829234
Determinant is:    0.032368450721846
Possible values of scaling factor are:       -90.442006027672704        1.461439031940131
Camber line second derivative scaling factor:         1.461439031940131        0.000000000000000
Inlet u-v metal angle in deg:         7.620921588990416        0.000000000000000
Exit u-v metal angle in deg:        -6.886179669838821        0.000000000000000
Stagger angle in deg:        43.210889702837207       50.831811291827620
 
 Using modified NACA four digit thickness distribution
 Maximum thickness for the blade section =    2.2434668152992981E-002
 Chordwise location for the maximum thickness =   0.44304590567571367     
 Thickness at TE =    3.7962113159996087E-003
 Leading edge radius =    5.5000000000000000     
 TE derivative for maximum thickness chordwise location =   -8.3016774457811304E-002
 Modified NACA thickness coefficients (u < u_max) =    6.1058646658631519E-002  -3.4504865149079154E-002  -1.8980572329123303E-002   9.2672375646281977E-003
 Modified NACA thickness coefficients (u > u_max) =    3.5047045283754606E-003   8.3839428113933787E-002 -0.11798770713031236        5.1137301559545809E-002
 
 Writing thickness data to file
 
 i_le =            0
 i_te =            0
         121
         241
 
 Stacking position on the chord as % of chord:   55.000000000000000     
 Stacking position in % above(+ve) or below(-ve) meanline :   0.0000000000000000     
 top curve points index range for % chord stacking:          62          63
 bottom curve points index range for % chord stacking:          62          63
 vtop_stack vbot_stack   5.9158138006054795E-002   1.5177781960374505E-002
 
 u_stack  v_stack  0.55000000000000004        0.0000000000000000     
 
 chrd bladegen:   0.35182968839096335     
 pitch   0.39269908169872414     
 np_sidee         121
 n_normal_distance =            8
 Number of intersection points (k) =            8 from np_side of         121
 
 Writing non-dimensional throat points to a file for debugging...
 
 ******************************************
 
 Chord multiplier calculated using spline control points...

 ---------------------------------------------------------------------------------
 airfoil type:          12 sect1
  =================================================== 
 Using ellipse based clustering function
 
 Hyperbolic midchord clustering with delta_TE =    6.7351562500000002     
 Hyperbolic midchord clustering with delta_TE =    5.9189453125000009     
 lethk =    2.0000000000000000E-002

Using curvature control for camber definition...
 xcp -0.14999999999999999        0.0000000000000000       0.14999999999999999       0.24999999999999997       0.49999999999999994       0.75000000000000000       0.95000000000000007        1.0000000000000000        1.0499999999999998     
 ycp -0.16085652106499998        0.0000000000000000       0.16085652106499998       0.36734052787900001        6.0692246700000001E-002  0.39217871236300006       -7.3852399159999998E-002   0.0000000000000000        7.3852399159999998E-002
Total camber is:  -14.125556213489501
Determinant is:    0.032258890716177
Possible values of scaling factor are:       -92.911084634829976        1.422601816083587
Camber line second derivative scaling factor:         1.422601816083587        0.000000000000000
Inlet u-v metal angle in deg:         7.420685787406193        0.000000000000000
Exit u-v metal angle in deg:        -6.704870426083257        0.000000000000000
Stagger angle in deg:        43.943615900015907       51.364301687422099
 
 Using modified NACA four digit thickness distribution
 Maximum thickness for the blade section =    2.1380727002190233E-002
 Chordwise location for the maximum thickness =   0.44660516162818742     
 Thickness at TE =    3.5806119187605703E-003
 Leading edge radius =    5.5000000000000000     
 TE derivative for maximum thickness chordwise location =   -8.0222569457277584E-002
 Modified NACA thickness coefficients (u < u_max) =    5.8190219103251277E-002  -3.3324563125018941E-002  -1.6600822589903044E-002   7.7136855552918998E-003
 Modified NACA thickness coefficients (u > u_max) =    3.3142267423924617E-003   8.0985679736567548E-002 -0.11570642948605807        5.1240969079408304E-002
 
 Writing thickness data to file
 
 i_le =            0
 i_te =            0
         121
         241
 
 Stacking position on the chord as % of chord:   55.000000000000000     
 Stacking position in % above(+ve) or below(-ve) meanline :   0.0000000000000000     
 top curve points index range for % chord stacking:          62          63
 bottom curve points index range for % chord stacking:          62          63
 vtop_stack vbot_stack   5.7165433842268798E-002   1.5191704215116232E-002
 
 u_stack  v_stack  0.55000000000000004        0.0000000000000000     
 
 chrd bladegen:   0.34820227612307814     
 pitch   0.39269908169872414     
 np_sidee         121
 n_normal_distance =            6
 Number of intersection points (k) =            6 from np_side of         121
 
 Writing non-dimensional throat points to a file for debugging...
 
 ******************************************
 
 Chord multiplier calculated using spline control points...

 ---------------------------------------------------------------------------------
 airfoil type:          13 sect1
  =================================================== 
 Using ellipse based clustering function
 
 Hyperbolic midchord clustering with delta_TE =    7.0460937499999998     
 Hyperbolic midchord clustering with delta_TE =    6.1132812500000009     
 lethk =    2.0000000000000000E-002

Using curvature control for camber definition...
 xcp -0.14999999999999999        0.0000000000000000       0.14999999999999999       0.25000000000000000       0.50000000000000000       0.75000000000000000       0.94999999999999996        1.0000000000000000        1.0500000000000000     
 ycp -0.16085652106500001        0.0000000000000000       0.16085652106500001       0.36734052787900001        6.0692246700000001E-002  0.39217871236300000       -7.3852399160000012E-002   0.0000000000000000        7.3852399160000012E-002
Total camber is:  -13.183710968376182
Determinant is:    0.032002895491395
Possible values of scaling factor are:       -99.614618728980176        1.326868279197184
Camber line second derivative scaling factor:         1.326868279197184        0.000000000000000
Inlet u-v metal angle in deg:         6.926336126143182        0.000000000000000
Exit u-v metal angle in deg:        -6.257374842233004        0.000000000000000
Stagger angle in deg:        45.766426954181966       52.692763080325150
 
 Using modified NACA four digit thickness distribution
 Maximum thickness for the blade section =    1.8920239775066617E-002
 Chordwise location for the maximum thickness =   0.45708054753950117     
 Thickness at TE =    3.0580896037796517E-003
 Leading edge radius =    5.5000000000000009     
 TE derivative for maximum thickness chordwise location =   -7.3979099254819214E-002
 Modified NACA thickness coefficients (u < u_max) =    5.1493707294630035E-002  -3.0588535507410041E-002  -1.1060319901235072E-002   4.1749811807499145E-003
 Modified NACA thickness coefficients (u > u_max) =    2.8470781860920743E-003   7.4609831221107356E-002 -0.11125865867096726        5.2244660942953179E-002
 
 Writing thickness data to file
 
 i_le =            0
 i_te =            0
         121
         241
 
 Stacking position on the chord as % of chord:   55.000000000000000     
 Stacking position in % above(+ve) or below(-ve) meanline :   0.0000000000000000     
 top curve points index range for % chord stacking:          62          63
 bottom curve points index range for % chord stacking:          62          63
 vtop_stack vbot_stack   5.2383398340793641E-002   1.5097630817778167E-002
 
 u_stack  v_stack  0.55000000000000004        0.0000000000000000     
 
 chrd bladegen:   0.34014939154366625     
 pitch   0.39269908169872414     
 np_sidee         121
 n_normal_distance =            5
 Number of intersection points (k) =            5 from np_side of         121
 
 Writing non-dimensional throat points to a file for debugging...
 
 ******************************************
 
 Chord multiplier calculated using spline control points...

 ---------------------------------------------------------------------------------
 airfoil type:          14 sect1
  =================================================== 
 Using ellipse based clustering function
 
 Hyperbolic midchord clustering with delta_TE =    7.4347656250000007     
 Hyperbolic midchord clustering with delta_TE =    6.4242187500000005     
 lethk =    2.0000000000000000E-002

Using curvature control for camber definition...
 xcp -0.14999999999999999        0.0000000000000000       0.14999999999999999       0.25000000000000000       0.50000000000000000       0.75000000000000000       0.94999999999999996        1.0000000000000000        1.0500000000000000     
 ycp -0.16085652106500001        0.0000000000000000       0.16085652106500001       0.36734052787900001        6.0692246700000001E-002  0.39217871236300006       -7.3852399159999998E-002   0.0000000000000000        7.3852399159999998E-002
Total camber is:  -11.476907486235167
Determinant is:    0.031589812260584
Possible values of scaling factor are:      -114.552890040426234        1.153838001722701
Camber line second derivative scaling factor:         1.153838001722701        0.000000000000000
Inlet u-v metal angle in deg:         6.030254751675016        0.000000000000000
Exit u-v metal angle in deg:        -5.446652734560169        0.000000000000000
Stagger angle in deg:        48.585393916376788       54.615648668051804
 
 Using modified NACA four digit thickness distribution
 Maximum thickness for the blade section =    1.5772261921090224E-002
 Chordwise location for the maximum thickness =   0.47805247134809314     
 Thickness at TE =    2.3324227741417349E-003
 Leading edge radius =    5.4999999999999991     
 TE derivative for maximum thickness chordwise location =   -6.7073482739858623E-002
 Modified NACA thickness coefficients (u < u_max) =    4.2926107089253270E-002  -2.7086676161518473E-002  -4.3088611285478770E-003   2.3936827584555639E-004
 Modified NACA thickness coefficients (u > u_max) =    2.1856023173270510E-003   6.7549129000424230E-002 -0.10921817705998491        5.6850467735638163E-002
 
 Writing thickness data to file
 
 i_le =            0
 i_te =            0
         121
         241
 
 Stacking position on the chord as % of chord:   55.000000000000000     
 Stacking position in % above(+ve) or below(-ve) meanline :   0.0000000000000000     
 top curve points index range for % chord stacking:          62          63
 bottom curve points index range for % chord stacking:          62          63
 vtop_stack vbot_stack   4.4974927835170979E-002   1.3699223756845607E-002
 
 u_stack  v_stack  0.55000000000000004        0.0000000000000000     
 
 chrd bladegen:   0.32838578188776113     
 pitch   0.39269908169872414     
 np_sidee         121
 n_normal_distance =            3
 Number of intersection points (k) =            3 from np_side of         121
 
 Writing non-dimensional throat points to a file for debugging...
 
 ******************************************
 
 Chord multiplier calculated using spline control points...

 ---------------------------------------------------------------------------------
 airfoil type:          15 sect1
  =================================================== 
 Using ellipse based clustering function
 
 Hyperbolic midchord clustering with delta_TE =    7.8234375000000007     
 Hyperbolic midchord clustering with delta_TE =    6.7351562500000002     
 lethk =    2.0000000000000000E-002

Using curvature control for camber definition...
 xcp -0.14999999999999999        0.0000000000000000       0.14999999999999999       0.25000000000000000       0.50000000000000000       0.74999999999999989       0.95000000000000007        1.0000000000000000        1.0499999999999998     
 ycp -0.16085652106500001        0.0000000000000000       0.16085652106500001       0.36734052787900001        6.0692246700000001E-002  0.39217871236300000       -7.3852399159999998E-002   0.0000000000000000        7.3852399159999998E-002
Total camber is:   -9.993202483444138
Determinant is:    0.031281913687538
Possible values of scaling factor are:      -131.668421018359737        1.003851012365181
Camber line second derivative scaling factor:         1.003851012365181        0.000000000000000
Inlet u-v metal angle in deg:         5.251090133449309        0.000000000000000
Exit u-v metal angle in deg:        -4.742112349994810        0.000000000000000
Stagger angle in deg:        51.235147068019067       56.486237201468377
 
 Using modified NACA four digit thickness distribution
 Maximum thickness for the blade section =    1.3576556464309105E-002
 Chordwise location for the maximum thickness =   0.50382503131604428     
 Thickness at TE =    1.7555910945645738E-003
 Leading edge radius =    5.5000000000000000     
 TE derivative for maximum thickness chordwise location =   -6.4127911048290243E-002
 Modified NACA thickness coefficients (u < u_max) =    3.6950230702860562E-002  -2.4490734892933293E-002  -6.3429613573538074E-004  -1.1798859379219401E-003
 Modified NACA thickness coefficients (u > u_max) =    1.6496868071024786E-003   6.4505007812762541E-002 -0.11467150335783088        6.6736167913746744E-002
 
 Writing thickness data to file
 
 i_le =            0
 i_te =            0
         121
         241
 
 Stacking position on the chord as % of chord:   55.000000000000000     
 Stacking position in % above(+ve) or below(-ve) meanline :   0.0000000000000000     
 top curve points index range for % chord stacking:          62          63
 bottom curve points index range for % chord stacking:          62          63
 vtop_stack vbot_stack   3.9052056443427532E-002   1.1991626093719265E-002
 
 u_stack  v_stack  0.55000000000000004        0.0000000000000000     
 
 chrd bladegen:   0.31742526384928671     
 pitch   0.39269908169872414     
 np_sidee         121
 n_normal_distance =            1
 Number of intersection points (k) =            1 from np_side of         121
 
 Writing non-dimensional throat points to a file for debugging...
 
 ******************************************
 
 Chord multiplier calculated using spline control points...

 ---------------------------------------------------------------------------------
 airfoil type:          16 sect1
  =================================================== 
 Using ellipse based clustering function
 
 Hyperbolic midchord clustering with delta_TE =    8.1343750000000004     
 Hyperbolic midchord clustering with delta_TE =    7.1238281249999993     
 lethk =    2.0000000000000000E-002

Using curvature control for camber definition...
 xcp -0.14999999999999999        0.0000000000000000       0.14999999999999999       0.25000000000000000       0.50000000000000000       0.75000000000000000       0.94999999999999996        1.0000000000000000        1.0500000000000000     
 ycp -0.16085652106500001        0.0000000000000000       0.16085652106500001       0.36734052787899996        6.0692246700000001E-002  0.39217871236300000       -7.3852399159999998E-002   0.0000000000000000        7.3852399159999998E-002
Total camber is:   -8.862547057395053
Determinant is:    0.031078090517627
Possible values of scaling factor are:      -148.547511880374088        0.889785874315060
Camber line second derivative scaling factor:         0.889785874315060        0.000000000000000
Inlet u-v metal angle in deg:         4.657213157399662        0.000000000000000
Exit u-v metal angle in deg:        -4.205333899995383        0.000000000000000
Stagger angle in deg:        53.825789395406659       58.483002552806319
 
 Using modified NACA four digit thickness distribution
 Maximum thickness for the blade section =    1.2070611533531948E-002
 Chordwise location for the maximum thickness =   0.53338106425500553     
 Thickness at TE =    1.2905736251476274E-003
 Leading edge radius =    5.5000000000000000     
 TE derivative for maximum thickness chordwise location =   -6.4381792483036868E-002
 Modified NACA thickness coefficients (u < u_max) =    3.2851620516669212E-002  -2.2301429230415316E-002   7.3435916837299715E-005  -3.1385401993881478E-004
 Modified NACA thickness coefficients (u > u_max) =    1.2124749350987873E-003   6.4690417905333933E-002 -0.12766603409047991        8.3362500848372170E-002
 
 Writing thickness data to file
 
 i_le =            0
 i_te =            0
         121
         241
 
 Stacking position on the chord as % of chord:   55.000000000000000     
 Stacking position in % above(+ve) or below(-ve) meanline :   0.0000000000000000     
 top curve points index range for % chord stacking:          62          63
 bottom curve points index range for % chord stacking:          62          63
 vtop_stack vbot_stack   3.4684210889632659E-002   1.0558850729767999E-002
 
 u_stack  v_stack  0.55000000000000004        0.0000000000000000     
 
 chrd bladegen:   0.30661917381335169     
 pitch   0.39269908169872414     
 np_sidee         121
 n_normal_distance =            0
 ******************************************
 
 Chord multiplier calculated using spline control points...

 ---------------------------------------------------------------------------------
 airfoil type:          17 sect1
  =================================================== 
 Using ellipse based clustering function
 
 Hyperbolic midchord clustering with delta_TE =    8.2898437499999993     
 Hyperbolic midchord clustering with delta_TE =    7.5125000000000002     
 lethk =    2.0000000000000000E-002

Using curvature control for camber definition...
 xcp -0.14999999999999999        0.0000000000000000       0.14999999999999999       0.25000000000000000       0.50000000000000000       0.75000000000000000       0.94999999999999996        1.0000000000000000        1.0500000000000000     
 ycp -0.16085652106500001        0.0000000000000000       0.16085652106500001       0.36734052787900001        6.0692246700000001E-002  0.39217871236300000       -7.3852399159999998E-002   0.0000000000000000        7.3852399159999998E-002
Total camber is:   -8.167098285065052
Determinant is:    0.030965630667151
Possible values of scaling factor are:      -161.245677014785116        0.819714861091654
Camber line second derivative scaling factor:         0.819714861091654        0.000000000000000
Inlet u-v metal angle in deg:         4.291884259750693        0.000000000000000
Exit u-v metal angle in deg:        -3.875214025314280        0.000000000000000
Stagger angle in deg:        56.685154072459198       60.977038332209894
 
 Using modified NACA four digit thickness distribution
 Maximum thickness for the blade section =    1.0966995257400832E-002
 Chordwise location for the maximum thickness =   0.56516394982820861     
 Thickness at TE =    8.9087935397018467E-004
 Leading edge radius =    5.5000000000000000     
 TE derivative for maximum thickness chordwise location =   -6.6650408926008181E-002
 Modified NACA thickness coefficients (u < u_max) =    2.9847996135355829E-002  -2.0135291463652991E-002  -1.3678061087225931E-003   1.9094033374564684E-003
 Modified NACA thickness coefficients (u > u_max) =    8.3522572955289486E-004   6.6895107909275081E-002 -0.14692801554338544       0.10733255451466990     
 
 Writing thickness data to file
 
 i_le =            0
 i_te =            0
         121
         241
 
 Stacking position on the chord as % of chord:   55.000000000000000     
 Stacking position in % above(+ve) or below(-ve) meanline :   0.0000000000000000     
 top curve points index range for % chord stacking:          62          63
 bottom curve points index range for % chord stacking:          62          63
 vtop_stack vbot_stack   3.1804954072143669E-002   9.8776403758453306E-003
 
 u_stack  v_stack  0.55000000000000004        0.0000000000000000     
 
 chrd bladegen:   0.30074798633036898     
 pitch   0.39269908169872414     
 np_sidee         121
 n_normal_distance =            0
 ******************************************
 
 Chord multiplier calculated using spline control points...

 ---------------------------------------------------------------------------------
 airfoil type:          18 sect1
  =================================================== 
 Using ellipse based clustering function
 
 Hyperbolic midchord clustering with delta_TE =    8.4453125000000000     
 Hyperbolic midchord clustering with delta_TE =    8.1343750000000004     
 lethk =    2.0000000000000000E-002

Using curvature control for camber definition...
 xcp -0.14999999999999999        0.0000000000000000       0.14999999999999999       0.25000000000000000       0.50000000000000000       0.75000000000000000       0.94999999999999996        1.0000000000000000        1.0500000000000000     
 ycp -0.16085652106500001        0.0000000000000000       0.16085652106500001       0.36734052787900007        6.0692246699999994E-002  0.39217871236300000       -7.3852399159999998E-002   0.0000000000000000        7.3852399159999998E-002
Total camber is:   -8.124336003899282
Determinant is:    0.030959032371469
Possible values of scaling factor are:      -162.097286257263022        0.815408331549930
Camber line second derivative scaling factor:         0.815408331549930        0.000000000000000
Inlet u-v metal angle in deg:         4.269419614071571        0.000000000000000
Exit u-v metal angle in deg:        -3.854916389827760        0.000000000000000
Stagger angle in deg:        58.992816161233421       63.262235775304987
 
 Using modified NACA four digit thickness distribution
 Maximum thickness for the blade section =    1.0000000000000002E-002
 Chordwise location for the maximum thickness =   0.59999999999999998     
 Thickness at TE =    5.0000000000000023E-004
 Leading edge radius =    5.5000000000000000     
 TE derivative for maximum thickness chordwise location =   -7.0000000025600015E-002
 Modified NACA thickness coefficients (u < u_max) =    2.7216202282219080E-002  -1.7881984286702991E-002  -3.4599109693883266E-003   4.1350874249640648E-003
 Modified NACA thickness coefficients (u > u_max) =    4.6732698264149303E-004   7.0160349016572990E-002 -0.17206412600739290       0.14060614956112774     
 
 Writing thickness data to file
 
 i_le =            0
 i_te =            0
         121
         241
 
 Stacking position on the chord as % of chord:   55.000000000000000     
 Stacking position in % above(+ve) or below(-ve) meanline :   0.0000000000000000     
 top curve points index range for % chord stacking:          62          63
 bottom curve points index range for % chord stacking:          62          63
 vtop_stack vbot_stack   3.0726489314310299E-002   1.0746892188725189E-002
 
 u_stack  v_stack  0.55000000000000004        0.0000000000000000     
 
 chrd bladegen:   0.29208336918048550     
 pitch   0.39269908169872414     
 np_sidee         121
 n_normal_distance =            0
 ******************************************
 Number of airfoil coordinates:         241
 
 Stacking Axis location:       55000
 
 Section #           1
 Section #           2
 Section #           3
 Section #           4
 Section #           5
 Section #           6
 Section #           7
 Section #           8
 Section #           9
 Section #          10
 Section #          11
 Section #          12
 Section #          13
 Section #          14
 Section #          15
 Section #          16
 Section #          17
 Section #          18
 i_slope          18
 i_slope           0
 i_slope           0
 i_slope           0
 i_slope           0
 i_slope           0
 i_slope           0
 i_slope           0
 i_slope           0
 i_slope           0
 i_slope           0
 i_slope           0
 i_slope           0
 i_slope           0
 i_slope           0
 i_slope           0
 i_slope           0
 i_slope           0
 
 span          delta_m
   0.0000000000000000        0.0000000000000000     
  0.11168034269671047        0.0000000000000000     
  0.19421409861213618        0.0000000000000000     
  0.23509746884911684        0.0000000000000000     
  0.30363681095240158        0.0000000000000000     
  0.35521498140349972        0.0000000000000000     
  0.38517199959486537        0.0000000000000000     
  0.43841444883428193        0.0000000000000000     
  0.48858883630734301        0.0000000000000000     
  0.51746045528878837        0.0000000000000000     
  0.55233794989797225        0.0000000000000000     
  0.57267109509544423        0.0000000000000000     
  0.62498733700921882        0.0000000000000000     
  0.70701457329339024        0.0000000000000000     
  0.78394766928611925        0.0000000000000000     
  0.85662600037628622        0.0000000000000000     
  0.92681514927857112        0.0000000000000000     
   1.0000000000000000        0.0000000000000000     
 
 span         delta_theta
   0.0000000000000000        0.0000000000000000     
  0.11168034269671047        0.0000000000000000     
  0.19421409861213618        0.0000000000000000     
  0.23509746884911684        0.0000000000000000     
  0.30363681095240158        0.0000000000000000     
  0.35521498140349972        0.0000000000000000     
  0.38517199959486537        0.0000000000000000     
  0.43841444883428193        0.0000000000000000     
  0.48858883630734301        0.0000000000000000     
  0.51746045528878837        0.0000000000000000     
  0.55233794989797225        0.0000000000000000     
  0.57267109509544423        0.0000000000000000     
  0.62498733700921882        0.0000000000000000     
  0.70701457329339024        0.0000000000000000     
  0.78394766928611925        0.0000000000000000     
  0.85662600037628622        0.0000000000000000     
  0.92681514927857112        0.0000000000000000     
   1.0000000000000000        0.0000000000000000     
 
 section(           1 )
 3D throat line [mm] =   105.37921020901751     
 3D mouth line [mm] =   105.74428703148831     
 3D exit line [mm] =   181.67137319370056     
 section(           2 )
 3D throat line [mm] =   130.60329124126935     
 3D mouth line [mm] =   130.74649685138687     
 3D exit line [mm] =   190.00600802606084     
 section(           3 )
 3D throat line [mm] =   147.06743308815328     
 3D mouth line [mm] =   147.62711141044196     
 3D exit line [mm] =   195.40940123921905     
 section(           4 )
 3D throat line [mm] =   154.42122414080100     
 3D mouth line [mm] =   155.01066041616042     
 3D exit line [mm] =   199.13720809690429     
 section(           5 )
 3D throat line [mm] =   165.85581941831549     
 3D mouth line [mm] =   165.73965218249995     
 3D exit line [mm] =   201.85266800829754     
 section(           6 )
 3D throat line [mm] =   173.57561172132418     
 3D mouth line [mm] =   173.35582533217223     
 3D exit line [mm] =   201.88179797533235     
 section(           9 )
 3D throat line [mm] =   194.64740863495862     
 3D mouth line [mm] =   194.30179279249498     
 3D exit line [mm] =   215.66543708035914     
 Number of radial sections:          18
 
 Writing 3D blade geometry ...
 
 chord_actual(mm):   237.66029838263333     
 chord_actual(mm):   235.77138044700490     
 chord_actual(mm):   237.65718868243508     
 chord_actual(mm):   238.38485934009447     
 chord_actual(mm):   243.09613259255354     
 chord_actual(mm):   248.94334826252401     
 chord_actual(mm):   251.32881383490624     
 chord_actual(mm):   254.74321804563797     
 chord_actual(mm):   259.13919606149364     
 chord_actual(mm):   261.55329085446630     
 chord_actual(mm):   264.40000522983735     
 chord_actual(mm):   266.15432003520033     
 chord_actual(mm):   271.25140308555848     
 chord_actual(mm):   278.84348482200409     
 chord_actual(mm):   284.93261153394690     
 chord_actual(mm):   289.54515372958326     
 chord_actual(mm):   297.68578252720249     
 chord_actual(mm):   303.43295840549541     
 
 Calculating the meanline by taking the average of PS ans SS in 3D...
 Writing the meanline in 3D to meanline.sec#.dat files...
 
 Writing the top and bottom periodic wall coordinates...
 
         121
 throat_index           1           4
 throat_index           2           3
 throat_index           3           2
 throat_index           4           2
 throat_index           5           2
 throat_index           6           2
 throat_index           7           1
 throat_index           8           1
 throat_index           9           2
 throat_index          10           1
 throat_index          11           1
 throat_index          12           1
 throat_index          13           1
 throat_index          14           1
 throat_index          15           1
 No Throat Found
 No Throat Found
 No Throat Found
 
 casename:GE_E3_Fan_rotor
 
 fname: blade3d.GE_E3_Fan_rotor.dat
 
 Creating section data files for CAD system
 
 Number of points:          241
 
 Number of sections:           18
 
 bsf:    10.000000000000000     
 Number of blades in this row:           16

 --- END ---
 
