 Input parameters (version 1.31_TEST)
 TT
 Blade row #:
           2
 Number of blades in this row:
          33
 Blade Scaling factor (mm):
   152.40000000000001     
 Number of streamlines:
           2
 Angles in the input file (0=Beta_z (default),1=Beta_r):
            0
 Airfoil camber defined by curvature control (0=no,1=yes ;spanwise_spline= spancontrolinputs file):
            1  spanwise_spline
 Airfoil Thickness distribution (0=Wennerstrom,1=Spline,2=Spline + sharp TE):
           5
 Airfoil Thickness multiplier (0=no,1=yes):
           0
 Airfoil LE defined by spline (0=no,1=yes):
           0
 Non-dimensional Actual chord (0=no,1=yes,2=spline):
           0
 True lean and sweep (0=no,1=yes):
           0
 Clustering control (0=uniform,1=sine,2=exponential,3=hyperbolic,4=elliptical):
       4  15.0
 Sectionwise properties:
 J        in_Beta        out_Beta          mrel_in           chord           t/c_max         Incidence       Deviation      Sec. Flow Angle
 1      4.386244730781897      -4.410199258884207       0.76853969       0.300       0.12000000       0.00000000       0.00001000       0.00001000
21      4.386244730781897      -4.410199258884207       0.76853969       0.300       0.12000000       0.00000000       0.00001000       0.00001000

 LE / TE curve (x,r) definition :
 Number of Curve points :
           2
       xLE            rLE            xTE            rTE
      1.00      0.50      1.50      0.50
      1.00      1.00      1.50      1.00

 # Airfoil type and Variable Radial Stacking information.         #
 # stack_u: % chord stack (0.00 to 100.00).                       #
 # stack_v: % below or above meanline stack (-100.00 to +100.00). #
 # Use +200 for stacking on airfoil area centroid.                #
 Variable Radial stacking (0=no,1=yes):
           0
 J   type |stk_u |stk_v |umxthk |lethk |tethk  |Jcells(Grid:4n+1) |eta_ofst(<=10)[thkc/Jmax]  |BGgrid(0=no,1=yes) |
 1   sect1 25.00  0.00  0.30  0.02  0.02 15 10  0
21   sect1 25.00  0.00  0.30  0.02  0.02 15 10  0

 Control table for blending section variable:
            5           0           0
       span                       bf1         bf2
   0.0000000000000000                1           0
  0.25000000000000000                1           0
  0.50000000000000000                1           0
  0.75000000000000000                1           0
   1.0000000000000000                1           0

 Stacking axis location (200=centroid):
       25000

 Control points for sweep:
           5
        span                   delta_m
   0.0000000000000000        0.000000000000000
  0.25000000000000000        0.000000000000000
  0.50000000000000000        0.000000000000000
  0.75000000000000000        0.000000000000000
   1.0000000000000000        0.000000000000000

 Control points for lean:
           5
        span                    delta_theta
   0.0000000000000000        0.000000000000000
  0.25000000000000000        0.000000000000000
  0.50000000000000000        0.000000000000000
  0.75000000000000000        0.000000000000000
  1.00000000000000000        0.000000000000000

 Control points for in_beta*:
           5
        span                     in_beta*
   0.0000000000000000        0.000000000000000
  0.25000000000000000        0.000000000000000
  0.50000000000000000        0.000000000000000
  0.75000000000000000        0.000000000000000
  1.00000000000000000        0.000000000000000

 Control points for out_beta*:
           5
        span                     out_beta*
   0.0000000000000000        0.0000000000
  0.25000000000000000        0.0000000000
  0.50000000000000000        0.0000000000
  0.75000000000000000        0.0000000000
  1.00000000000000000        0.0000000000

 Control points for chord_multiplier:
           5
        span                chord_multiplier
   0.0000000000000000        1.000000000000000
  0.25000000000000000        1.000000000000000
  0.50000000000000000        1.000000000000000
  0.75000000000000000        1.000000000000000
  1.00000000000000000        1.000000000000000

 Control points for tm/c:
           4
        span                       tm/c
   0.0000000000000000        0.00000000000000
  0.30000000000000000        0.00000000000000
  0.66666666666666663        0.00000000000000
   1.0000000000000000        0.00000000000000

 Hub offset
   0.0000000000000000                                                                                                                                                                                                                                           
 Tip offset
   0.0000000000000000                                                                                                                                                                                                                                           

  Streamline Data
        x_s                     r_s
    0.30		0.817
        0.4            0.817
    0.5249		0.817
    0.7   		0.817
    0.0     	0.0
    0.30		1.
        0.4            1.
    0.5249		1.
    0.7   		1.
    0.0     	0.0
