 Input parameters (version 1.31_TEST)
 GE-E3-Fan-rotor
 Blade row #:
           1
 Number of blades in this row:
          16
 Blade Scaling factor (mm):
   10.000000000000000     
 Number of streamlines:
          18
 Angles in the input file (0=Beta_z (default),1=Beta_r):
            0  inci_dev_spline
 Airfoil camber defined by curvature control (0=no,1=yes ;spanwise_spline= spancontrolinputs file):
            1  spanwise_spline
 Airfoil Thickness distribution (0=Wennerstrom,1=Spline,2=Spline + sharp TE):
           5
 Airfoil Thickness multiplier (0=no,1=yes):
           0
 Airfoil LE defined by spline (0=no,1=yes):
           0
 Non-dimensional Actual chord (0=no,1=yes,2=spline):
           2
 True lean and sweep (0=no,1=yes):
           0
 Clustering control (0=uniform,1=sine,2=exponential,3=hyperbolic,4=elliptical):
	       4  15.0
 Sectionwise properties:
 J        in_Beta        out_Beta          mrel_in           chord           t/c_max         Incidence       Deviation      Sec. Flow Angle
 1         42.12         01.45         1.19958442         0.20025733         0.025000         3.50         12.63         0.00000000
 2         43.20         11.90         1.19602473         0.21414494         0.028555         5.25          9.58         0.00000000
 3         43.79         17.92         1.18478156         0.22791879         0.032110         4.80          7.99         0.00000000
 4         44.38         20.62         1.16658693         0.24217502         0.035665         4.72          7.48         0.00000000
 5         45.50         25.61         1.11912595         0.27330260         0.042775         4.65          6.86         0.00000000
 6         46.53         29.62         1.08824451         0.29041456         0.046330         4.68          6.46         0.00000000
 7         47.22         30.91         1.01709071         0.32895622         0.053440         4.76          6.27         0.00000000
 8         48.66         32.40         0.98438110         0.35090502         0.056995         5.00          5.90         0.00000000
 9         49.83         34.45         0.94943194         0.37491793         0.060550         5.55          5.45         0.00000000
10         50.55         35.72         0.91422521         0.40124770         0.064105         5.65          5.26         0.00000000
11         51.41         37.30         0.84408817         0.46296517         0.071215         5.68          5.05         0.00000000
12         51.89         38.13         0.80941152         0.49999627         0.074770         5.73          4.90         0.00000000
13         53.09         40.20         0.77881473         0.54238899         0.078325         5.70          4.56         0.00000000
14         54.86         43.56         0.74474354         0.59121561         0.081880         5.66          3.93         0.00000000
15         56.63         46.71         0.71309770         0.64915065         0.085435         5.50          3.43         0.00000000
16         58.56         49.69         0.68055586         0.71780483         0.088990         4.95          3.22         0.00000000
17         61.00         52.81         0.63056990         0.80210851         0.092545         4.66          2.96         0.00000000
18         63.27         55.32         0.55767388         0.91156336         0.096100         5.00          2.48         0.00000000

 LE / TE curve (x,r) definition :
 Number of Curve points :
          18
   xLE	rLE	xTE	rTE
   -1.27 36.068	17.789	47.884
   -1.366	43.785	17.884	52.947
   -1.429	49.488	17.981	56.958
   -1.431	52.313	17.892	59.044
   -1.422	57.049	17.85	62.754
   -1.441	60.613	17.8	65.725
   -1.449	62.683	17.782	67.491
   -1.42	66.362	17.783	70.588
   -1.364	69.829	17.793	73.453
   -1.306	71.824	17.767	75.088
   -1.237	74.234	17.699	77.273
   -1.213	75.639	17.657	78.412
   -1.173	79.254	17.546	81.34
   -0.988	84.922	17.35	85.915
   -0.707	90.238	17.062	90.211
   -0.347	95.26	16.674	94.355
   0.05	100.11	16.305	98.424
   0.467	105.167	15.981	102.995

 # Airfoil type and Variable Radial Stacking information.         #
 # stack_u: % chord stack (0.00 to 100.00).                       #
 # stack_v: % below or above meanline stack (-100.00 to +100.00). #
 # Use +200 for stacking on airfoil area centroid.                #
 Variable Radial stacking (0=no,1=yes):
           0
 J   type |stk_u |stk_v |umxthk |lethk |tethk  |Jcells(Grid:4n+1) |eta_ofst(<=10)[thkc/Jmax]  |BGgrid(0=no,1=yes) |
 1   sect1 25.00  0.00  0.30  0.02  0.02 15 10  0
 2   sect1 25.00  0.00  0.30  0.02  0.02 15 10  0
 3   sect1 25.00  0.00  0.30  0.02  0.02 15 10  0
 4   sect1 25.00  0.00  0.30  0.02  0.02 15 10  0
 5   sect1 25.00  0.00  0.30  0.02  0.02 15 10  0
 6   sect1 25.00  0.00  0.30  0.02  0.02 15 10  0
 7   sect1 25.00  0.00  0.30  0.02  0.02 15 10  0
 8   sect1 25.00  0.00  0.30  0.02  0.02 15 10  0
 9   sect1 25.00  0.00  0.30  0.02  0.02 15 10  0
10   sect1 25.00  0.00  0.30  0.02  0.02 15 10  0
11   sect1 25.00  0.00  0.30  0.02  0.02 15 10  0
12   sect1 25.00  0.00  0.30  0.02  0.02 15 10  0
13   sect1 25.00  0.00  0.30  0.02  0.02 15 10  0
14   sect1 25.00  0.00  0.30  0.02  0.02 15 10  0
15   sect1 25.00  0.00  0.30  0.02  0.02 15 10  0
16   sect1 25.00  0.00  0.30  0.02  0.02 15 10  0
17   sect1 25.00  0.00  0.30  0.02  0.02 15 10  0
18   sect1 25.00  0.00  0.30  0.02  0.02 15 10  0


