
 ************************************************************
 ************************************************************
 ****  T-BLADE3:Turbomachinery BLADE 3D Geometry Builder ****
 ****                                                    ****
 ****  Master Version 1.13                               ****
 ****                                                    ****
 ****  ...was also called as below till Aug 2016...      ****
 ****  3DBGB: 3 Dimensional Blade Geometry Builder       ****
 ****                                                    ****
 ****  Develop Version 1.2                               ****
 ****                                                    ****
 ****  This software comes with ABSOLUTELY NO WARRANTY   ****
 ****                                                    ****
 ****  This is a program which generates a 3D blade...   ****
 ****  ...shape and outputs 3D blade section files.      ****
 ****                                                    ****
 ****  Inputs: LE and TE curve(x,r), inlet angle,        ****
 ****          exit angle, chord, tm/c, incidence,       ****
 ****          deviation, secondary flow angles,         ****
 ****          streamline coordinates:(x,r)              ****
 ****          control points for sweep, lean,           ****
 ****          blade scaling factor.                     ****
 ****                                                    ****
 ****  Outputs: 3D blade sections (x,y,z),               ****
 ****           2D airfoils (mprime,theta).              ****
 ****                                                    ****
 ****  ---------------by Kiran Siddappaji         ----   ****
 ****  ---------------by Mark G. Turner           ----   ****
 ****  ------------------- turnermr@ucmail.uc.edu ----   ****
 ****  ---------------by Karthik Balasubramanian  ----   ****
 ****  ---------------by Syed Moez Hussain Mahmood----   ****
 ****  ---------------by Ahmed Nemnem             ----   ****
 ****  ---------------by Marshall C. Galbraith    ----   ****
 ************************************************************
 ************************************************************

 T-Blade3 Copyright (C) 2017 University of Cincinnati, developed by Kiran Siddappaji,
 Dr. Mark G. Turner, Karthik  Balasubramanian, Syed Moez Hussain, Ahmed Farid Nemnem 
  and Marshall C. Galbraith.

 This program is free software; you can redistribute it and/or modify it under the 
 terms of the GNU General Public License as published by the Free Software Foundation; 
 either version 2 of the License, or (at your option) any later version.

 This program is distributed in the hope that it will be useful, but WITHOUT ANY WARRANTY;
 without even the implied warranty of MERCHANTABILITY or FITNESS FOR A PARTICULAR PURPOSE. 
 See the GNU General Public License for more details.  For the complete terms of the 
 GNU General Public License, please see this URL: http://www.gnu.org/licenses/gpl-2.0.html

 ************************************************************

 2nd Argument: develop
 Row number and blade  type is 1                                                                                                                                                                                                                                                               
 
 3dbgbinput.1.dat                                                                                                                                                                                                                                                
 
 Incidence and Deviation defined spanwise as a B-spline using control points
 
 inci_dev_spline
 
 Reading inputs from file: 3dbgbinput.1.dat                                                                                                                                                                                                                                                
 
 Reading the spanwise_input file ....
 
 NACA spanwise input file read successfully

 case:GE_E3_Fan_rotor                                                                                                                                                                                                                                                 
 bladerow #:           1
   1       

 Number of blades in this row:          16
 bsf:   10.000000000000000     

 Number of streamlines:          18

    in_betaZ*    out_betaZ*
   42.119999999999997        1.4500000000000000     
   43.200000000000003        11.900000000000000     
   43.789999999999999        17.920000000000002     
   44.380000000000003        20.620000000000001     
   45.500000000000000        25.609999999999999     
   46.530000000000001        29.620000000000001     
   47.219999999999999        30.910000000000000     
   48.659999999999997        32.399999999999999     
   49.829999999999998        34.450000000000003     
   50.549999999999997        35.719999999999999     
   51.409999999999997        37.299999999999997     
   51.890000000000001        38.130000000000003     
   53.090000000000003        40.200000000000003     
   54.859999999999999        43.560000000000002     
   56.630000000000003        46.710000000000001     
   58.560000000000002        49.689999999999998     
   61.000000000000000        52.810000000000002     
   63.270000000000003        55.320000000000000     

 LE/TE defined by a curve with no. of points as:          18
 xLE    rLE     xTE     rTE
  -1.2700000000000000        36.067999999999998        17.789000000000001        47.884000000000000     
  -1.3660000000000001        43.784999999999997        17.884000000000000        52.947000000000003     
  -1.4290000000000000        49.488000000000000        17.981000000000002        56.957999999999998     
  -1.4310000000000000        52.313000000000002        17.891999999999999        59.043999999999997     
  -1.4219999999999999        57.048999999999999        17.850000000000001        62.753999999999998     
  -1.4410000000000001        60.613000000000000        17.800000000000001        65.724999999999994     
  -1.4490000000000001        62.683000000000000        17.782000000000000        67.491000000000000     
  -1.4199999999999999        66.361999999999995        17.783000000000001        70.587999999999994     
  -1.3640000000000001        69.828999999999994        17.792999999999999        73.453000000000003     
  -1.3060000000000000        71.823999999999998        17.766999999999999        75.087999999999994     
  -1.2370000000000001        74.233999999999995        17.699000000000002        77.272999999999996     
  -1.2130000000000001        75.638999999999996        17.657000000000000        78.412000000000006     
  -1.1730000000000000        79.254000000000005        17.545999999999999        81.340000000000003     
 -0.98799999999999999        84.921999999999997        17.350000000000001        85.915000000000006     
 -0.70699999999999996        90.238000000000000        17.062000000000001        90.210999999999999     
 -0.34699999999999998        95.260000000000005        16.673999999999999        94.355000000000004     
   5.0000000000000003E-002   100.11000000000000        16.305000000000000        98.424000000000007     
  0.46700000000000003        105.16700000000000        15.981000000000000        102.99500000000000     
 
 sect1                  25.000000000000000        0.0000000000000000       0.29999999999999999        2.0000000000000000E-002   2.0000000000000000E-002   15.000000000000000        10.000000000000000                0
 sect1                  25.000000000000000        0.0000000000000000       0.29999999999999999        2.0000000000000000E-002   2.0000000000000000E-002   15.000000000000000        10.000000000000000                0
 sect1                  25.000000000000000        0.0000000000000000       0.29999999999999999        2.0000000000000000E-002   2.0000000000000000E-002   15.000000000000000        10.000000000000000                0
 sect1                  25.000000000000000        0.0000000000000000       0.29999999999999999        2.0000000000000000E-002   2.0000000000000000E-002   15.000000000000000        10.000000000000000                0
 sect1                  25.000000000000000        0.0000000000000000       0.29999999999999999        2.0000000000000000E-002   2.0000000000000000E-002   15.000000000000000        10.000000000000000                0
 sect1                  25.000000000000000        0.0000000000000000       0.29999999999999999        2.0000000000000000E-002   2.0000000000000000E-002   15.000000000000000        10.000000000000000                0
 sect1                  25.000000000000000        0.0000000000000000       0.29999999999999999        2.0000000000000000E-002   2.0000000000000000E-002   15.000000000000000        10.000000000000000                0
 sect1                  25.000000000000000        0.0000000000000000       0.29999999999999999        2.0000000000000000E-002   2.0000000000000000E-002   15.000000000000000        10.000000000000000                0
 sect1                  25.000000000000000        0.0000000000000000       0.29999999999999999        2.0000000000000000E-002   2.0000000000000000E-002   15.000000000000000        10.000000000000000                0
 sect1                  25.000000000000000        0.0000000000000000       0.29999999999999999        2.0000000000000000E-002   2.0000000000000000E-002   15.000000000000000        10.000000000000000                0
 sect1                  25.000000000000000        0.0000000000000000       0.29999999999999999        2.0000000000000000E-002   2.0000000000000000E-002   15.000000000000000        10.000000000000000                0
 sect1                  25.000000000000000        0.0000000000000000       0.29999999999999999        2.0000000000000000E-002   2.0000000000000000E-002   15.000000000000000        10.000000000000000                0
 sect1                  25.000000000000000        0.0000000000000000       0.29999999999999999        2.0000000000000000E-002   2.0000000000000000E-002   15.000000000000000        10.000000000000000                0
 sect1                  25.000000000000000        0.0000000000000000       0.29999999999999999        2.0000000000000000E-002   2.0000000000000000E-002   15.000000000000000        10.000000000000000                0
 sect1                  25.000000000000000        0.0000000000000000       0.29999999999999999        2.0000000000000000E-002   2.0000000000000000E-002   15.000000000000000        10.000000000000000                0
 sect1                  25.000000000000000        0.0000000000000000       0.29999999999999999        2.0000000000000000E-002   2.0000000000000000E-002   15.000000000000000        10.000000000000000                0
 sect1                  25.000000000000000        0.0000000000000000       0.29999999999999999        2.0000000000000000E-002   2.0000000000000000E-002   15.000000000000000        10.000000000000000                0
 sect1                  25.000000000000000        0.0000000000000000       0.29999999999999999        2.0000000000000000E-002   2.0000000000000000E-002   15.000000000000000        10.000000000000000                0
 
 Sweep in the axial direction (m-prime).
 
 Lean in the tangential direction (theta).
 
 Writing dimensional hub and casing streamlines

 Using x_s and r_s coordinates for streamline from the input file...

 Calculating the m_prime coordinates for each streamline...

 
 hub offset:   0.0000000000000000     
 tip offset:   0.0000000000000000     

 xLE    rLE     xTE     rTE
 
 Calculating LE x, r points... 
 
 Calculating TE x, r points...
 
 i_slope           0
 i_slope           0
 i_slope           0
 i_slope           0
 i_slope           0
 i_slope           0
 i_slope           0
 i_slope           0
 i_slope           0
 i_slope           0
 i_slope           0
 i_slope           0
 i_slope           0
 i_slope           0
 i_slope           0
 i_slope           0
 i_slope           0
 i_slope           0
 
 ile:          95
 ite:         127
 ile:           4
 ite:           9
 ile:           4
 ite:           9
 ile:           4
 ite:          10
 ile:           5
 ite:           9
 ile:           4
 ite:           9
 ile:           5
 ite:           9
 ile:           4
 ite:           9
 ile:           5
 ite:           9
 ile:           5
 ite:           9
 ile:           5
 ite:          10
 ile:           4
 ite:           9
 ile:           5
 ite:           9
 ile:           5
 ite:           9
 ile:           4
 ite:          10
 ile:           5
 ite:           9
 ile:           4
 ite:           9
 ile:          38
 ite:          65

 Using x values for msLE due to a purely axial flow.
 Using x values for msTE due to a purely axial flow.
 msle:   6.3030227895653903     
 mste:   6.8422325719331347     
 chordm:  0.53920978236774442     
 Using x values for msLE due to a purely axial flow.
 Using x values for msTE due to a purely axial flow.
 msle:  0.21091028172912682     
 mste:  0.37609291502943687     
 chordm:  0.16518263330031005     
 Using x values for msLE due to a purely axial flow.
 Using x values for msTE due to a purely axial flow.
 msle:  0.21907389080633094     
 mste:  0.40005352386093379     
 chordm:  0.18097963305460285     
 Using x values for msLE due to a purely axial flow.
 Using x values for msTE due to a purely axial flow.
 msle:  0.22964790353396064     
 mste:  0.42839599449292270     
 chordm:  0.19874809095896206     
 Using x values for msLE due to a purely axial flow.
 Using x values for msTE due to a purely axial flow.
 msle:  0.24419026145244824     
 mste:  0.46141846278374055     
 chordm:  0.21722820133129231     
 Using x values for msLE due to a purely axial flow.
 Using x values for msTE due to a purely axial flow.
 msle:  0.26434959309538619     
 mste:  0.50163272823991090     
 chordm:  0.23728313514452470     
 Using x values for msLE due to a purely axial flow.
 Using x values for msTE due to a purely axial flow.
 msle:  0.28044754132265437     
 mste:  0.53116120863523097     
 chordm:  0.25071366731257660     
 Using x values for msLE due to a purely axial flow.
 Using x values for msTE due to a purely axial flow.
 msle:  0.28716201710618083     
 mste:  0.54358904241535710     
 chordm:  0.25642702530917627     
 Using x values for msLE due to a purely axial flow.
 Using x values for msTE due to a purely axial flow.
 msle:  0.29912433113555897     
 mste:  0.56722250121288909     
 chordm:  0.26809817007733011     
 Using x values for msLE due to a purely axial flow.
 Using x values for msTE due to a purely axial flow.
 msle:  0.30985829742589727     
 mste:  0.58710502416003119     
 chordm:  0.27724672673413392     
 Using x values for msLE due to a purely axial flow.
 Using x values for msTE due to a purely axial flow.
 msle:  0.33122467269990163     
 mste:  0.62449083039568354     
 chordm:  0.29326615769578190     
 Using x values for msLE due to a purely axial flow.
 Using x values for msTE due to a purely axial flow.
 msle:  0.35778208813475643     
 mste:  0.67007897218724455     
 chordm:  0.31229688405248812     
 Using x values for msLE due to a purely axial flow.
 Using x values for msTE due to a purely axial flow.
 msle:  0.37494996841404082     
 mste:  0.69902557186347380     
 chordm:  0.32407560344943298     
 Using x values for msLE due to a purely axial flow.
 Using x values for msTE due to a purely axial flow.
 msle:  0.40837556464941821     
 mste:  0.75448993927530561     
 chordm:  0.34611437462588740     
 Using x values for msLE due to a purely axial flow.
 Using x values for msTE due to a purely axial flow.
 msle:  0.46140896502689210     
 mste:  0.83996542551604758     
 chordm:  0.37855646048915548     
 Using x values for msLE due to a purely axial flow.
 Using x values for msTE due to a purely axial flow.
 msle:  0.49954143301088694     
 mste:  0.90050602897692489     
 chordm:  0.40096459596603795     
 Using x values for msLE due to a purely axial flow.
 Using x values for msTE due to a purely axial flow.
 msle:  0.59796355688784020     
 mste:   1.0471073500359784     
 chordm:  0.44914379314813824     
 Using x values for msLE due to a purely axial flow.
 Using x values for msTE due to a purely axial flow.
 msle:  0.20924175855994534     
 mste:  0.35950383018989912     
 chordm:  0.15026207162995378     
 
 phi_s_in(ia)   32.402247003469917     
 phi_s_in(ia)   2.4903480351718374     
 phi_s_in(ia)   4.4489118783565003     
 phi_s_in(ia)   5.9799058473501132     
 phi_s_in(ia)   7.6955294327364951     
 phi_s_in(ia)   9.7032992348212375     
 phi_s_in(ia)   11.090734834223356     
 phi_s_in(ia)   11.604565076125830     
 phi_s_in(ia)   12.264367293627284     
 phi_s_in(ia)   12.926799606924003     
 phi_s_in(ia)   14.113852178970909     
 phi_s_in(ia)   15.340156551211894     
 phi_s_in(ia)   16.030500378757463     
 phi_s_in(ia)   17.252993644886928     
 phi_s_in(ia)   18.935214039634921     
 phi_s_in(ia)   20.022594388889999     
 phi_s_in(ia)   22.525629036720975     
 phi_s_in(ia)  -7.9679090176294478     
 phi_s_out(ia)   33.348785440835556     
 phi_s_out(ia) -0.11944484362722466     
 phi_s_out(ia)   4.0172084351425745     
 phi_s_out(ia)   7.0481844536778206     
 phi_s_out(ia)   9.8098364577002606     
 phi_s_out(ia)   12.634712787928690     
 phi_s_out(ia)   14.452091471887954     
 phi_s_out(ia)   15.173684829793054     
 phi_s_out(ia)   16.458238808211298     
 phi_s_out(ia)   17.408575920631531     
 phi_s_out(ia)   18.816443947983473     
 phi_s_out(ia)   20.309069804215071     
 phi_s_out(ia)   21.215467143842599     
 phi_s_out(ia)   22.864840149316187     
 phi_s_out(ia)   24.898467735316686     
 phi_s_out(ia)   26.619910017456206     
 phi_s_out(ia)   27.825401740102691     
 phi_s_out(ia)   3.4479093445862485     
 
 Creating cubic B-spline with spancontrolinput file
 Writing spanwise curvature variation data to file
 Writing spanwise thickness variation data to file
 B-spline created successfully

  Inlet Beta incidence defined spanwise by a cubic B-spline using control points.
    span         in_Beta (spline)
   0.0000000000000000        42.119999999999997        38.619999999999997        3.5000000000000000     
  0.92574062316717920        43.200000000000003        55.593560208306869       -12.393560208306866     
  0.85584074833490698        43.789999999999999        53.169325302495317       -9.3793253024953174     
  0.78346195010650521        44.380000000000003        50.852617509831184       -6.4726175098311813     
  0.70684592235222055        45.500000000000000        48.716212638391632       -3.2162126383916316     
  0.62515674904308283        46.530000000000001        46.788217864327862      -0.25821786432786098     
  0.57305612068875378        47.219999999999999        45.693357680375193        1.5266423196248056     
  0.55280677550534940        48.659999999999997        45.287616873983474        3.3723831260165227     
  0.51807302326910765        49.829999999999998        44.609696691030337        5.2203033089696618     
  0.48932039434329022        50.549999999999997        44.060061391108185        6.4899386088918121     
  0.43935279309718145        51.409999999999997        43.127987469251629        8.2820125307483679     
  0.38632977464193186        51.890000000000001        42.192874951174247        9.6971250488257539     
  0.35649621981661184        53.090000000000003        41.701591184983201        11.388408815016803     
  0.30513062107389327        54.859999999999999        40.932342719619676        13.927657280380323     
  0.23687375360880564        56.630000000000003        40.098748974310936        16.531251025689066     
  0.19615887806222868        58.560000000000002        39.716197541424322        18.843802458575681     
  0.11396527266661650        61.000000000000000        39.149040204284582        21.850959795715418     
   1.0000000000000000        63.270000000000003        58.270000000000003        5.0000000000000000     

  Outlet Beta deviation defined spanwise by a cubic B-spline using control points.
    span        out_Beta (spline)
   0.0000000000000000        1.4500000000000000        14.080000000000000       -12.630000000000001     
  0.92574062316717920        11.900000000000000        54.748594339290534        66.648594339290540     
  0.85584074833490698        17.920000000000002        51.935721861541289        69.855721861541298     
  0.78346195010650521        20.620000000000001        49.143971671458189        69.763971671458194     
  0.70684592235222055        25.609999999999999        46.382592627972670        71.992592627972670     
  0.62515674904308283        29.620000000000001        43.578293031340323        73.198293031340327     
  0.57305612068875378        30.910000000000000        41.767703144171897        72.677703144171900     
  0.55280677550534940        32.399999999999999        41.044061832892162        73.444061832892160     
  0.51807302326910765        34.450000000000003        39.762930915701560        74.212930915701563     
  0.48932039434329022        35.719999999999999        38.654035394864728        74.374035394864734     
  0.43935279309718145        37.299999999999997        36.610450197076581        73.910450197076585     
  0.38632977464193186        38.130000000000003        34.289884605796424        72.419884605796426     
  0.35649621981661184        40.200000000000003        32.920372042596178        73.120372042596188     
  0.30513062107389327        43.560000000000002        30.463191595463066        74.023191595463061     
  0.23687375360880564        46.710000000000001        27.022218170224086        73.732218170224087     
  0.19615887806222868        49.689999999999998        24.886559529163133        74.576559529163134     
  0.11396527266661650        52.810000000000002        20.433121728304943        73.243121728304942     
   1.0000000000000000        55.320000000000000        57.799999999999997        113.12000000000000     
 
    span        chord_multipliers
   0.0000000000000000        1.0499999999999998     
  0.92574062316717920        1.0000185195654725     
  0.85584074833490698        1.0001374018636144     
  0.78346195010650521        1.0004773346376472     
  0.70684592235222055        1.0012316622809141     
  0.62515674904308283        1.0027360589236074     
  0.57305612068875378        1.0042526262489422     
  0.55280677550534940        1.0049863725919341     
  0.51807302326910765        1.0064489049481344     
  0.48932039434329022        1.0078599917550424     
  0.43935279309718145        1.0107421730873474     
  0.38632977464193186        1.0143652357793103     
  0.35649621981661184        1.0166350538573472     
  0.30513062107389327        1.0208577542347219     
  0.23687375360880564        1.0269260848196018     
  0.19615887806222868        1.0307255887491631     
  0.11396527266661650        1.0386686023001788     
   1.0000000000000000        1.0000000000000000     
 
 Chord multiplier calculated using spline control points...

 ---------------------------------------------------------------------------------
 airfoil type:           1 sect1
  =================================================== 
 Using ellipse based clustering function
 
 Hyperbolic midchord clustering with delta_TE =    3.9901611328124997     
 Hyperbolic midchord clustering with delta_TE =    4.4808593749999996     
 lethk =    2.0000000000000000E-002

Using curvature control for camber definition...
 xcp -0.14999999999999999        0.0000000000000000       0.14999999999999999       0.24999999999999997       0.49999999999999994       0.75000000000000000       0.94999999999999996        1.0000000000000000        1.0500000000000000     
 ycp -0.16085652106500001        0.0000000000000000       0.16085652106500001       0.36734052787899996        6.0692246700000001E-002  0.39217871236299995       -7.3852399160000012E-002   0.0000000000000000        7.3852399160000012E-002
Total camber is:  -13.558061261719086
Determinant is:    0.032102205696679
Possible values of scaling factor are:       -96.839208119454824        1.364896309073095
Camber line second derivative scaling factor:         1.364896309073095        0.000000000000000
Inlet u-v metal angle in deg:         7.122833844104839        0.000000000000000
Exit u-v metal angle in deg:        -6.435227417614213        0.000000000000000
Stagger angle in deg:        -4.166704308273365        2.956129535831474
 
 Using modified NACA four digit thickness distribution
 Maximum thickness for the blade section =    6.2729999999999994E-002
 Chordwise location for the maximum thickness =   0.40000000000000002     
 Thickness at TE =    1.2239999999999999E-002
 Leading edge radius =    5.5000000000000000     
 TE derivative for maximum thickness chordwise location =  -0.19759950014051517     
 Modified NACA thickness coefficients (u < u_max) =   0.17072723691636024       -7.5777738540922152E-002 -0.13207045505439013        9.6796605757737880E-002
 Modified NACA thickness coefficients (u > u_max) =    1.0228715700291565E-002  0.20234330517870938      -0.23696698143146100        7.5941733832447955E-002
 
 Writing thickness data to file
 
 i_le =            0
 i_te =            0
         121
         241
 
 Stacking position on the chord as % of chord:   55.000000000000000     
 Stacking position in % above(+ve) or below(-ve) meanline :   0.0000000000000000     
 top curve points index range for % chord stacking:          63          64
 bottom curve points index range for % chord stacking:          62          63
 vtop_stack vbot_stack   9.4981549906980128E-002  -2.5454891693607228E-002
 
 u_stack  v_stack  0.55000000000000004        0.0000000000000000     
 
 chrd bladegen:   0.56767069952900606     
 pitch   0.39269908169872414     
 np_sidee         121
 n_normal_distance =           72
 Number of intersection points (k) =           72 from np_side of         121
 
 Writing non-dimensional throat points to a file for debugging...
 
 ******************************************
 
 Chord multiplier calculated using spline control points...

 ---------------------------------------------------------------------------------
 airfoil type:           2 sect1
  =================================================== 
 Using ellipse based clustering function
 
 Hyperbolic midchord clustering with delta_TE =    8.2898437499999993     
 Hyperbolic midchord clustering with delta_TE =    7.5125000000000002     
 lethk =    2.0000000000000000E-002

Using curvature control for camber definition...
 xcp -0.15000000000000002        0.0000000000000000       0.15000000000000002       0.25000000000000000       0.50000000000000000       0.75000000000000000       0.94999999999999996        1.0000000000000000        1.0500000000000000     
 ycp  0.14665444966053842       0.34764075507565995       0.54862706049078147      -0.62238751524003000      -0.10243035546707963       0.36963117466210460       0.13708858575315327       -1.5821873685979371E-002 -0.16873233312511202     
Total camber is:   79.030765428917931
Determinant is:    0.085595983106031
Possible values of scaling factor are:        43.832772847893480      -29.505099876560980
Camber line second derivative scaling factor:       -29.505099876560980        0.000000000000000
Inlet u-v metal angle in deg:       -32.965901556050966        0.000000000000000
Exit u-v metal angle in deg:        46.064863872866972        0.000000000000000
Stagger angle in deg:        20.583685159069361      -12.382216396981601
 
 Using modified NACA four digit thickness distribution
 Maximum thickness for the blade section =    1.0982144275552115E-002
 Chordwise location for the maximum thickness =   0.56466125911681675     
 Thickness at TE =    8.9675234962499780E-004
 Leading edge radius =    5.5000000000000000     
 TE derivative for maximum thickness chordwise location =   -6.6605398531082327E-002
 Modified NACA thickness coefficients (u < u_max) =    2.9889226009594060E-002  -2.0169204844903962E-002  -1.3357368283564699E-003   1.8710421950511589E-003
 Modified NACA thickness coefficients (u > u_max) =    8.4076664211416539E-004   6.6851153497331298E-002 -0.14658974022092147       0.10690391571550528     
 
 Writing thickness data to file
 
 i_le =            0
 i_te =            0
         121
         241
 
 Stacking position on the chord as % of chord:   55.000000000000000     
 Stacking position in % above(+ve) or below(-ve) meanline :   0.0000000000000000     
 top curve points index range for % chord stacking:          62          63
 bottom curve points index range for % chord stacking:          62          63
 vtop_stack vbot_stack   6.7876621775242618E-002   3.3781800396329789E-002
 
 u_stack  v_stack  0.55000000000000004        0.0000000000000000     
 
 chrd bladegen:   0.17645033775132943     
 pitch   0.39269908169872414     
 np_sidee         121
 n_normal_distance =            5
 Number of intersection points (k) =            5 from np_side of         121
 
 Writing non-dimensional throat points to a file for debugging...
 
 ******************************************
 
 Chord multiplier calculated using spline control points...

 ---------------------------------------------------------------------------------
 airfoil type:           3 sect1
  =================================================== 
 Using ellipse based clustering function
 
 Hyperbolic midchord clustering with delta_TE =    8.1343750000000004     
 Hyperbolic midchord clustering with delta_TE =    7.1238281249999993     
 lethk =    2.0000000000000000E-002

Using curvature control for camber definition...
 xcp -0.15000000000000002        0.0000000000000000       0.15000000000000002       0.25000000000000000       0.50000000000000000       0.75000000000000000       0.95000000000000007        1.0000000000000000        1.0499999999999998     
 ycp -0.31772443638685643       0.10071799209538623       0.51916042057762890      -0.57806566946317894       -1.0526040555834061E-002  0.27648018926438184       0.18794881025561480       -8.6159249949155817E-002 -0.36026731015392643     
Total camber is:   79.161673057199053
Determinant is:    0.042594751231156
Possible values of scaling factor are:        65.076806844572204      -41.413563776363475
Camber line second derivative scaling factor:       -41.413563776363475        0.000000000000000
Inlet u-v metal angle in deg:       -23.482198771802477        0.000000000000000
Exit u-v metal angle in deg:        55.679474285396573        0.000000000000000
Stagger angle in deg:        14.130634385982257       -9.351564385820220
 
 Using modified NACA four digit thickness distribution
 Maximum thickness for the blade section =    1.2084583874062360E-002
 Chordwise location for the maximum thickness =   0.53304049912750651     
 Thickness at TE =    1.2952741826746446E-003
 Leading edge radius =    5.5000000000000009     
 TE derivative for maximum thickness chordwise location =   -6.4366018010045045E-002
 Modified NACA thickness coefficients (u < u_max) =    3.2889647921292391E-002  -2.2325066201738374E-002   7.9402958901766268E-005  -3.3290942797173882E-004
 Modified NACA thickness coefficients (u > u_max) =    1.2169085456064628E-003   6.4675334989583527E-002 -0.12748611993312742        8.3140077493576603E-002
 
 Writing thickness data to file
 
 i_le =            0
 i_te =            0
         121
         241
 
 Stacking position on the chord as % of chord:   55.000000000000000     
 Stacking position in % above(+ve) or below(-ve) meanline :   0.0000000000000000     
 top curve points index range for % chord stacking:          62          63
 bottom curve points index range for % chord stacking:          62          63
 vtop_stack vbot_stack   1.4960833673738927E-002  -2.6523734302709413E-002
 
 u_stack  v_stack  0.55000000000000004        0.0000000000000000     
 
 chrd bladegen:   0.18665229555705176     
 pitch   0.39269908169872414     
 np_sidee         121
 n_normal_distance =            5
 Number of intersection points (k) =            5 from np_side of         121
 
 Writing non-dimensional throat points to a file for debugging...
 
 ******************************************
 
 Chord multiplier calculated using spline control points...

 ---------------------------------------------------------------------------------
 airfoil type:           4 sect1
  =================================================== 
 Using ellipse based clustering function
 
 Hyperbolic midchord clustering with delta_TE =    7.8234375000000007     
 Hyperbolic midchord clustering with delta_TE =    6.7351562500000002     
 lethk =    2.0000000000000000E-002

Using curvature control for camber definition...
 xcp -0.14999999999999997        0.0000000000000000       0.14999999999999997       0.25000000000000000       0.50000000000000000       0.75000000000000000       0.94999999999999996        1.0000000000000000        1.0500000000000000     
 ycp -0.65079204475170016       -8.8207964601910299E-002  0.47437611554787956      -0.48843717291769001        5.7138002185679208E-002  0.19307940039082852       0.20424536621563361      -0.13334558433681223      -0.47093653488925807     
Total camber is:   76.060209828496426
Determinant is:    0.011989289173192
Possible values of scaling factor are:       113.772545546988653      -54.381311318835927
Camber line second derivative scaling factor:       -54.381311318835927        0.000000000000000
Inlet u-v metal angle in deg:       -14.532674491793582        0.000000000000000
Exit u-v metal angle in deg:        61.527535336702854        0.000000000000000
Stagger angle in deg:         8.094981292467072       -6.437693199326511
 
 Using modified NACA four digit thickness distribution
 Maximum thickness for the blade section =    1.3588275817528039E-002
 Chordwise location for the maximum thickness =   0.50364278721104894     
 Thickness at TE =    1.7589319336265305E-003
 Leading edge radius =    5.4999999999999991     
 TE derivative for maximum thickness chordwise location =   -6.4135339948810322E-002
 Modified NACA thickness coefficients (u < u_max) =    3.6982126331642884E-002  -2.4505741756012864E-002  -6.4808636366739890E-004  -1.1787876274059737E-003
 Modified NACA thickness coefficients (u > u_max) =    1.6528142223730747E-003   6.4512948643942455E-002 -0.11461011750236935        6.6650528072525750E-002
 
 Writing thickness data to file
 
 i_le =            0
 i_te =            0
         121
         241
 
 Stacking position on the chord as % of chord:   55.000000000000000     
 Stacking position in % above(+ve) or below(-ve) meanline :   0.0000000000000000     
 top curve points index range for % chord stacking:          62          63
 bottom curve points index range for % chord stacking:          62          63
 vtop_stack vbot_stack  -8.9548462344910984E-002 -0.13601899545938539     
 
 u_stack  v_stack  0.55000000000000004        0.0000000000000000     
 
 chrd bladegen:   0.20084417246970809     
 pitch   0.39269908169872414     
 np_sidee         121
 n_normal_distance =            5
 Number of intersection points (k) =            5 from np_side of         121
 
 Writing non-dimensional throat points to a file for debugging...
 
 ******************************************
 
 Chord multiplier calculated using spline control points...

 ---------------------------------------------------------------------------------
 airfoil type:           5 sect1
  =================================================== 
 Using ellipse based clustering function
 
 Hyperbolic midchord clustering with delta_TE =    7.4347656250000007     
 Hyperbolic midchord clustering with delta_TE =    6.4242187500000005     
 lethk =    2.0000000000000000E-002

Using curvature control for camber definition...
 xcp -0.14999999999999999        0.0000000000000000       0.14999999999999999       0.25000000000000000       0.50000000000000000       0.74999999999999989       0.94999999999999984        1.0000000000000000        1.0500000000000003     
 ycp -0.76249133316698492      -0.17918063371973156       0.40413006572752186      -0.32313560255561202        8.4406160615707701E-002  0.12650687241324396       0.16324465111795028      -0.14131959285914683      -0.44588383683624394     
Total camber is:   74.930306376457480
Determinant is:    0.016027820515428
Possible values of scaling factor are:        84.473615947351163      -44.944358985627353
Camber line second derivative scaling factor:       -44.944358985627353        0.000000000000000
Inlet u-v metal angle in deg:       -21.637149436229311        0.000000000000000
Exit u-v metal angle in deg:        53.293156940228165        0.000000000000000
Stagger angle in deg:        18.449843138249342       -3.187306297979971
 
 Using modified NACA four digit thickness distribution
 Maximum thickness for the blade section =    1.5777865237931437E-002
 Chordwise location for the maximum thickness =   0.47800286498677164     
 Thickness at TE =    2.3337972606535399E-003
 Leading edge radius =    5.5000000000000000     
 TE derivative for maximum thickness chordwise location =   -6.7083859459592582E-002
 Modified NACA thickness coefficients (u < u_max) =    4.2941357189713460E-002  -2.7093002027279552E-002  -4.3199921306532338E-003   2.4510782685531056E-004
 Modified NACA thickness coefficients (u > u_max) =    2.1868688722253508E-003   6.7559767075265592E-002 -0.10921502649723831        5.6835881230307431E-002
 
 Writing thickness data to file
 
 i_le =            0
 i_te =            0
         121
         241
 
 Stacking position on the chord as % of chord:   55.000000000000000     
 Stacking position in % above(+ve) or below(-ve) meanline :   0.0000000000000000     
 top curve points index range for % chord stacking:          62          63
 bottom curve points index range for % chord stacking:          62          63
 vtop_stack vbot_stack -0.16816279740204532      -0.20569176653113239     
 
 u_stack  v_stack  0.55000000000000004        0.0000000000000000     
 
 chrd bladegen:   0.22928052902516810     
 pitch   0.39269908169872414     
 np_sidee         121
 n_normal_distance =           15
 Number of intersection points (k) =           15 from np_side of         121
 
 Writing non-dimensional throat points to a file for debugging...
 
 ******************************************
 
 Chord multiplier calculated using spline control points...

 ---------------------------------------------------------------------------------
 airfoil type:           6 sect1
  =================================================== 
 Using ellipse based clustering function
 
 Hyperbolic midchord clustering with delta_TE =    7.0460937499999998     
 Hyperbolic midchord clustering with delta_TE =    6.1132812500000009     
 lethk =    2.0000000000000000E-002

Using curvature control for camber definition...
 xcp -0.14999999999999999        0.0000000000000000       0.14999999999999999       0.25000000000000000       0.50000000000000000       0.75000000000000011       0.94999999999999996        1.0000000000000000        1.0500000000000000     
 ycp -0.62355795791248425      -0.15493821050842657       0.31368153689563111       -8.9515614482076691E-002   7.5751220685527657E-002   8.7940692597844511E-002   7.8706469735492474E-002 -0.10116595365774010      -0.28103837705097268     
Total camber is:   73.060173065983392
Determinant is:    0.031982437545767
Possible values of scaling factor are:        51.827223345113183      -28.428820491185391
Camber line second derivative scaling factor:       -28.428820491185391        0.000000000000000
Inlet u-v metal angle in deg:       -35.524168377427451        0.000000000000000
Exit u-v metal angle in deg:        37.536004688555927        0.000000000000000
Stagger angle in deg:        35.269644589489168       -0.254523787938282
 
 Using modified NACA four digit thickness distribution
 Maximum thickness for the blade section =    1.8912852872995236E-002
 Chordwise location for the maximum thickness =   0.45711782795255984     
 Thickness at TE =    3.0564729849221206E-003
 Leading edge radius =    5.5000000000000000     
 TE derivative for maximum thickness chordwise location =   -7.3961139768486867E-002
 Modified NACA thickness coefficients (u < u_max) =    5.1473602952528653E-002  -3.0580350985512525E-002  -1.1043825058461045E-002   4.1646980694471560E-003
 Modified NACA thickness coefficients (u > u_max) =    2.8456208640434523E-003   7.4591488736695424E-002 -0.11124784779721869        5.2249923932444563E-002
 
 Writing thickness data to file
 
 i_le =            0
 i_te =            0
         121
         241
 
 Stacking position on the chord as % of chord:   55.000000000000000     
 Stacking position in % above(+ve) or below(-ve) meanline :   0.0000000000000000     
 top curve points index range for % chord stacking:          62          63
 bottom curve points index range for % chord stacking:          62          63
 vtop_stack vbot_stack -0.18001398314465950      -0.21731214190592674     
 
 u_stack  v_stack  0.55000000000000004        0.0000000000000000     
 
 chrd bladegen:   0.29142533340021681     
 pitch   0.39269908169872414     
 np_sidee         121
 n_normal_distance =           24
 Number of intersection points (k) =           24 from np_side of         121
 
 Writing non-dimensional throat points to a file for debugging...
 
 ******************************************
 
 Chord multiplier calculated using spline control points...

 ---------------------------------------------------------------------------------
 airfoil type:           7 sect1
  =================================================== 
 Using ellipse based clustering function
 
 Hyperbolic midchord clustering with delta_TE =    6.7351562500000002     
 Hyperbolic midchord clustering with delta_TE =    5.9189453125000009     
 lethk =    2.0000000000000000E-002

Using curvature control for camber definition...
 xcp -0.15000000000000002        0.0000000000000000       0.15000000000000002       0.25000000000000000       0.50000000000000000       0.75000000000000000       0.95000000000000018        1.0000000000000000        1.0499999999999998     
 ycp -0.44439659610148291       -9.2244834801125303E-002  0.25990692649923230        6.0628378520215478E-002   6.7278128931272496E-002   8.4341750149238698E-002   3.3140363244817249E-002  -5.4603409139297759E-002 -0.14234718152341277     
Total camber is:   70.648932658999811
Determinant is:    0.045063972811172
Possible values of scaling factor are:        40.325231874637552      -20.098694994205029
Camber line second derivative scaling factor:       -20.098694994205029        0.000000000000000
Inlet u-v metal angle in deg:       -39.404029472947919        0.000000000000000
Exit u-v metal angle in deg:        31.244903186051882        0.000000000000000
Stagger angle in deg:        40.902173007380341        1.498143534432417
 
 Using modified NACA four digit thickness distribution
 Maximum thickness for the blade section =    2.1361301584101870E-002
 Chordwise location for the maximum thickness =   0.44667514780823386     
 Thickness at TE =    3.5765968954942049E-003
 Leading edge radius =    5.5000000000000009     
 TE derivative for maximum thickness chordwise location =   -8.0171616978941235E-002
 Modified NACA thickness coefficients (u < u_max) =    5.8137350492440336E-002  -3.3302861266877017E-002  -1.6556933088964804E-002   7.6851662244293338E-003
 Modified NACA thickness coefficients (u > u_max) =    3.3106669031606438E-003   8.0933645401531557E-002 -0.11566605709360082        5.1244308371928643E-002
 
 Writing thickness data to file
 
 i_le =            0
 i_te =            0
         121
         241
 
 Stacking position on the chord as % of chord:   55.000000000000000     
 Stacking position in % above(+ve) or below(-ve) meanline :   0.0000000000000000     
 top curve points index range for % chord stacking:          62          63
 bottom curve points index range for % chord stacking:          62          63
 vtop_stack vbot_stack -0.17182720928368547      -0.21403476038895536     
 
 u_stack  v_stack  0.55000000000000004        0.0000000000000000     
 
 chrd bladegen:   0.33311764937745281     
 pitch   0.39269908169872414     
 np_sidee         121
 n_normal_distance =           36
 Number of intersection points (k) =           36 from np_side of         121
 
 Writing non-dimensional throat points to a file for debugging...
 
 ******************************************
 
 Chord multiplier calculated using spline control points...

 ---------------------------------------------------------------------------------
 airfoil type:           8 sect1
  =================================================== 
 Using ellipse based clustering function
 
 Hyperbolic midchord clustering with delta_TE =    6.5796875000000004     
 Hyperbolic midchord clustering with delta_TE =    5.8412109375000005     
 lethk =    2.0000000000000000E-002

Using curvature control for camber definition...
 xcp -0.14999999999999999        0.0000000000000000       0.14999999999999999       0.25000000000000000       0.50000000000000000       0.75000000000000011       0.95000000000000007        1.0000000000000000        1.0499999999999998     
 ycp -0.36342232400000629       -6.0831123212044876E-002  0.24176007757591655       0.11453967431118013        6.6099651888682595E-002   8.7897169474129039E-002   2.1953807933729762E-002  -3.2945474110022646E-002  -8.7844756153775058E-002
Total camber is:   69.576825201281395
Determinant is:    0.052370929427166
Possible values of scaling factor are:        36.344319843581296      -17.331567551742154
Camber line second derivative scaling factor:       -17.331567551742154        0.000000000000000
Inlet u-v metal angle in deg:       -39.732960040694991        0.000000000000000
Exit u-v metal angle in deg:        29.843865160586393        0.000000000000000
Stagger angle in deg:        43.036563311821290        3.303603271126304
 
 Using modified NACA four digit thickness distribution
 Maximum thickness for the blade section =    2.2409744215347832E-002
 Chordwise location for the maximum thickness =   0.44312503054074881     
 Thickness at TE =    3.7911613736425973E-003
 Leading edge radius =    5.5000000000000000     
 TE derivative for maximum thickness chordwise location =   -8.2950073198236010E-002
 Modified NACA thickness coefficients (u < u_max) =    6.0990813165769535E-002  -3.4476887258044230E-002  -1.8924351843965286E-002   9.2303951814733595E-003
 Modified NACA thickness coefficients (u > u_max) =    3.5002582682701977E-003   8.3771299784832290E-002 -0.11793187523444930        5.1138155524331819E-002
 
 Writing thickness data to file
 
 i_le =            0
 i_te =            0
         121
         241
 
 Stacking position on the chord as % of chord:   55.000000000000000     
 Stacking position in % above(+ve) or below(-ve) meanline :   0.0000000000000000     
 top curve points index range for % chord stacking:          62          63
 bottom curve points index range for % chord stacking:          62          63
 vtop_stack vbot_stack -0.16600823357490505      -0.21038567148701207     
 
 u_stack  v_stack  0.55000000000000004        0.0000000000000000     
 
 chrd bladegen:   0.35257791949323686     
 pitch   0.39269908169872414     
 np_sidee         121
 n_normal_distance =           30
 Number of intersection points (k) =           30 from np_side of         121
 
 Writing non-dimensional throat points to a file for debugging...
 
 ******************************************
 
 Chord multiplier calculated using spline control points...

 ---------------------------------------------------------------------------------
 airfoil type:           9 sect1
  =================================================== 
 Using ellipse based clustering function
 
 Hyperbolic midchord clustering with delta_TE =    6.4242187500000005     
 Hyperbolic midchord clustering with delta_TE =    5.7246093750000000     
 lethk =    2.0000000000000000E-002

Using curvature control for camber definition...
 xcp -0.14999999999999999        0.0000000000000000       0.14999999999999999       0.25000000000000000       0.50000000000000000       0.75000000000000011       0.95000000000000007        1.0000000000000000        1.0499999999999998     
 ycp -0.21671094534163726       -3.6985622105752477E-004  0.21597123289952222       0.19697720562208226        6.9313545238242860E-002  0.10094398641477818        1.5589303014091369E-002   8.0826994794495014E-003   5.7609594480763360E-004
Total camber is:   68.472312565766700
Determinant is:    0.074760355905273
Possible values of scaling factor are:        29.593014703168709      -13.501609745252832
Camber line second derivative scaling factor:       -13.501609745252832        0.000000000000000
Inlet u-v metal angle in deg:       -39.567076214180865        0.000000000000000
Exit u-v metal angle in deg:        28.905236351585856        0.000000000000000
Stagger angle in deg:        44.668877109126285        5.101800894945419
 
 Using modified NACA four digit thickness distribution
 Maximum thickness for the blade section =    2.4336603587190093E-002
 Chordwise location for the maximum thickness =   0.43761113418573039     
 Thickness at TE =    4.1753594615133224E-003
 Leading edge radius =    5.5000000000000000     
 TE derivative for maximum thickness chordwise location =   -8.8178583496231144E-002
 Modified NACA thickness coefficients (u < u_max) =    6.6234992609114404E-002  -3.6649261123354211E-002  -2.3256357210099356E-002   1.2081855040748973E-002
 Modified NACA thickness coefficients (u > u_max) =    3.8364345159893967E-003   8.9112752611549079E-002 -0.12245915366286340        5.1248246673592984E-002
 
 Writing thickness data to file
 
 i_le =            0
 i_te =            0
         121
         241
 
 Stacking position on the chord as % of chord:   55.000000000000000     
 Stacking position in % above(+ve) or below(-ve) meanline :   0.0000000000000000     
 top curve points index range for % chord stacking:          62          63
 bottom curve points index range for % chord stacking:          62          63
 vtop_stack vbot_stack -0.15689742568410814      -0.20510111358097571     
 
 u_stack  v_stack  0.55000000000000004        0.0000000000000000     
 
 chrd bladegen:   0.37940684389378437     
 pitch   0.39269908169872414     
 np_sidee         121
 n_normal_distance =           27
 Number of intersection points (k) =           27 from np_side of         121
 
 Writing non-dimensional throat points to a file for debugging...
 
 ******************************************
 
 Chord multiplier calculated using spline control points...

 ---------------------------------------------------------------------------------
 airfoil type:          10 sect1
  =================================================== 
 Using ellipse based clustering function
 
 Hyperbolic midchord clustering with delta_TE =    6.2298828125000005     
 Hyperbolic midchord clustering with delta_TE =    5.6468750000000005     
 lethk =    2.0000000000000000E-002

Using curvature control for camber definition...
 xcp -0.14999999999999999        0.0000000000000000       0.14999999999999999       0.25000000000000000       0.50000000000000000       0.75000000000000000       0.94999999999999996        1.0000000000000000        1.0500000000000000     
 ycp  -9.2985232848590713E-002   5.4014272999247749E-002  0.20101377884708621       0.25249287126974629        7.8800081583505391E-002  0.11873637974490468        2.5748588517048650E-002   4.5173195234650527E-002   6.4597801952252398E-002
Total camber is:   67.336283647710815
Determinant is:    0.099828572483696
Possible values of scaling factor are:        24.890357019640483      -10.898437539675569
Camber line second derivative scaling factor:       -10.898437539675569        0.000000000000000
Inlet u-v metal angle in deg:       -38.538546243096285        0.000000000000000
Exit u-v metal angle in deg:        28.797737404614541        0.000000000000000
Stagger angle in deg:        44.865359031895181        6.326812788798900
 
 Using modified NACA four digit thickness distribution
 Maximum thickness for the blade section =    2.6055993358711525E-002
 Chordwise location for the maximum thickness =   0.43353196831155033     
 Thickness at TE =    4.5088213526671157E-003
 Leading edge radius =    5.5000000000000000     
 TE derivative for maximum thickness chordwise location =   -9.2939403026435538E-002
 Modified NACA thickness coefficients (u < u_max) =    7.0914518591484968E-002  -3.8602744967527594E-002  -2.7091488320406403E-002   1.4616824231074211E-002
 Modified NACA thickness coefficients (u > u_max) =    4.1247808673707609E-003   9.3978623664793287E-002 -0.12676816857713902        5.1567224726063197E-002
 
 Writing thickness data to file
 
 i_le =            0
 i_te =            0
         121
         241
 
 Stacking position on the chord as % of chord:   55.000000000000000     
 Stacking position in % above(+ve) or below(-ve) meanline :   0.0000000000000000     
 top curve points index range for % chord stacking:          62          63
 bottom curve points index range for % chord stacking:          62          63
 vtop_stack vbot_stack -0.14792113926220032      -0.19937222043006381     
 
 u_stack  v_stack  0.55000000000000004        0.0000000000000000     
 
 chrd bladegen:   0.39424252220209560     
 pitch   0.39269908169872414     
 np_sidee         121
 n_normal_distance =           25
 Number of intersection points (k) =           25 from np_side of         121
 
 Writing non-dimensional throat points to a file for debugging...
 
 ******************************************
 
 Chord multiplier calculated using spline control points...

 ---------------------------------------------------------------------------------
 airfoil type:          11 sect1
  =================================================== 
 Using ellipse based clustering function
 
 Hyperbolic midchord clustering with delta_TE =    5.9578125000000011     
 Hyperbolic midchord clustering with delta_TE =    5.4914062500000007     
 lethk =    2.0000000000000000E-002

Using curvature control for camber definition...
 xcp -0.14999999999999999        0.0000000000000000       0.14999999999999999       0.24999999999999997       0.49999999999999994       0.74999999999999989       0.94999999999999996        1.0000000000000000        1.0500000000000000     
 ycp  0.11452584001512978       0.15180278667231606       0.18907973332950234       0.31930649695870716       0.10994219360229232       0.16305904174544775        7.5605858676390081E-002  0.11314146823110674       0.15067707778582340     
Total camber is:   65.017497004969613
Determinant is:    0.155887220090996
Possible values of scaling factor are:        18.917553956982349       -7.627622205561026
Camber line second derivative scaling factor:        -7.627622205561026        0.000000000000000
Inlet u-v metal angle in deg:       -35.895521719267812        0.000000000000000
Exit u-v metal angle in deg:        29.121975285701790        0.000000000000000
Stagger angle in deg:        43.930840847654984        8.035319128387174
 
 Using modified NACA four digit thickness distribution
 Maximum thickness for the blade section =    2.9294524558223831E-002
 Chordwise location for the maximum thickness =   0.42734454381542564     
 Thickness at TE =    5.1217428835881118E-003
 Leading edge radius =    5.4999999999999991     
 TE derivative for maximum thickness chordwise location =  -0.10205589186553275     
 Modified NACA thickness coefficients (u < u_max) =    7.9728570613805408E-002  -4.2296070283545040E-002  -3.4311231693070841E-002   1.9421493621359729E-002
 Modified NACA thickness coefficients (u > u_max) =    4.6467840930767314E-003  0.10330429897618254      -0.13530857666671556        5.2516713365903168E-002
 
 Writing thickness data to file
 
 i_le =            0
 i_te =            0
         121
         241
 
 Stacking position on the chord as % of chord:   55.000000000000000     
 Stacking position in % above(+ve) or below(-ve) meanline :   0.0000000000000000     
 top curve points index range for % chord stacking:          62          63
 bottom curve points index range for % chord stacking:          62          63
 vtop_stack vbot_stack -0.13217661204411676      -0.18959384924313480     
 
 u_stack  v_stack  0.55000000000000004        0.0000000000000000     
 
 chrd bladegen:   0.41158792612652639     
 pitch   0.39269908169872414     
 np_sidee         121
 n_normal_distance =           23
 Number of intersection points (k) =           23 from np_side of         121
 
 Writing non-dimensional throat points to a file for debugging...
 
 ******************************************
 
 Chord multiplier calculated using spline control points...

 ---------------------------------------------------------------------------------
 airfoil type:          12 sect1
  =================================================== 
 Using ellipse based clustering function
 
 Hyperbolic midchord clustering with delta_TE =    5.6468750000000005     
 Hyperbolic midchord clustering with delta_TE =    5.3359375000000000     
 lethk =    2.0000000000000000E-002

Using curvature control for camber definition...
 xcp -0.14999999999999999        0.0000000000000000       0.14999999999999999       0.24999999999999997       0.49999999999999994       0.74999999999999989       0.94999999999999984        1.0000000000000000        1.0500000000000003     
 ycp  0.30886421784788831       0.24974579330267882       0.19062736875746936       0.35689664596000770       0.15431360638472855       0.22154070408012075       0.15440682258863644       0.18238089183763215       0.21035496108662785     
Total camber is:   61.975175062986551
Determinant is:    0.215425748455090
Possible values of scaling factor are:        15.299971828324081       -5.504003728829947
Camber line second derivative scaling factor:        -5.504003728829947        0.000000000000000
Inlet u-v metal angle in deg:       -32.869790370760576        0.000000000000000
Exit u-v metal angle in deg:        29.105384692225979        0.000000000000000
Stagger angle in deg:        42.227649449982962        9.357859079222390
 
 Using modified NACA four digit thickness distribution
 Maximum thickness for the blade section =    3.3014284828622481E-002
 Chordwise location for the maximum thickness =   0.42187386151573208     
 Thickness at TE =    5.8192298678485079E-003
 Leading edge radius =    5.4999999999999991     
 TE derivative for maximum thickness chordwise location =  -0.11266681859839903     
 Modified NACA thickness coefficients (u < u_max) =    8.9852345409858564E-002  -4.6507572261503032E-002  -4.2804926499752968E-002   2.5201062481473014E-002
 Modified NACA thickness coefficients (u > u_max) =    5.2293934960194249E-003  0.11417675208643473      -0.14559578744960081        5.4023412916453697E-002
 
 Writing thickness data to file
 
 i_le =            0
 i_te =            0
         121
         241
 
 Stacking position on the chord as % of chord:   55.000000000000000     
 Stacking position in % above(+ve) or below(-ve) meanline :   0.0000000000000000     
 top curve points index range for % chord stacking:          62          63
 bottom curve points index range for % chord stacking:          62          63
 vtop_stack vbot_stack -0.11616785582840398      -0.18046331941442287     
 
 u_stack  v_stack  0.55000000000000004        0.0000000000000000     
 
 chrd bladegen:   0.42780757140213088     
 pitch   0.39269908169872414     
 np_sidee         121
 n_normal_distance =           23
 Number of intersection points (k) =           23 from np_side of         121
 
 Writing non-dimensional throat points to a file for debugging...
 
 ******************************************
 
 Chord multiplier calculated using spline control points...

 ---------------------------------------------------------------------------------
 airfoil type:          13 sect1
  =================================================== 
 Using ellipse based clustering function
 
 Hyperbolic midchord clustering with delta_TE =    5.4914062500000007     
 Hyperbolic midchord clustering with delta_TE =    5.2582031249999996     
 lethk =    2.0000000000000000E-002

Using curvature control for camber definition...
 xcp -0.14999999999999997        0.0000000000000000       0.14999999999999997       0.24999999999999997       0.49999999999999994       0.75000000000000000       0.94999999999999984        1.0000000000000000        1.0500000000000003     
 ycp  0.39953902622585724       0.29747104644484018       0.19540306666382315       0.36677289698362198       0.18012472026887388       0.25627948850530063       0.20156750145688962       0.21644501204831917       0.23132252263974873     
Total camber is:   61.013699599333982
Determinant is:    0.256439438668856
Possible values of scaling factor are:        13.843789440581773       -4.800573379464405
Camber line second derivative scaling factor:        -4.800573379464405        0.000000000000000
Inlet u-v metal angle in deg:       -31.723111315108905        0.000000000000000
Exit u-v metal angle in deg:        29.290588284225073        0.000000000000000
Stagger angle in deg:        42.679605128069880       10.956493812960979
 
 Using modified NACA four digit thickness distribution
 Maximum thickness for the blade section =    3.5205274903539134E-002
 Chordwise location for the maximum thickness =   0.41922142392295314     
 Thickness at TE =    6.2333109755113442E-003
 Leading edge radius =    5.5000000000000000     
 TE derivative for maximum thickness chordwise location =  -0.11895795429716413     
 Modified NACA thickness coefficients (u < u_max) =    9.5815388317585168E-002  -4.8956017545945751E-002  -4.7978568422908971E-002   2.8813293057102521E-002
 Modified NACA thickness coefficients (u > u_max) =    5.5701539910208691E-003  0.12063404719623608      -0.15184526381293043        5.5086752197173350E-002
 
 Writing thickness data to file
 
 i_le =            0
 i_te =            0
         121
         241
 
 Stacking position on the chord as % of chord:   55.000000000000000     
 Stacking position in % above(+ve) or below(-ve) meanline :   0.0000000000000000     
 top curve points index range for % chord stacking:          62          63
 bottom curve points index range for % chord stacking:          62          63
 vtop_stack vbot_stack -0.11026178981519752      -0.17864940468636159     
 
 u_stack  v_stack  0.55000000000000004        0.0000000000000000     
 
 chrd bladegen:   0.44815881709646049     
 pitch   0.39269908169872414     
 np_sidee         121
 n_normal_distance =           23
 Number of intersection points (k) =           23 from np_side of         121
 
 Writing non-dimensional throat points to a file for debugging...
 
 ******************************************
 
 Chord multiplier calculated using spline control points...

 ---------------------------------------------------------------------------------
 airfoil type:          14 sect1
  =================================================== 
 Using ellipse based clustering function
 
 Hyperbolic midchord clustering with delta_TE =    5.2387695312500000     
 Hyperbolic midchord clustering with delta_TE =    5.1416015625000000     
 lethk =    2.0000000000000000E-002

Using curvature control for camber definition...
 xcp -0.15000000000000002        0.0000000000000000       0.15000000000000002       0.25000000000000000       0.50000000000000000       0.75000000000000011       0.95000000000000007        1.0000000000000000        1.0499999999999998     
 ycp  0.51228143832420525       0.35909269820195538       0.20590395807970549       0.37124008184201585       0.21869192068734866       0.31347564470602507       0.27235684056596188       0.26072020780105959       0.24908357503615730     
Total camber is:   59.414973078677448
Determinant is:    0.313100276997031
Possible values of scaling factor are:        12.312825529392615       -4.007925544653472
Camber line second derivative scaling factor:        -4.007925544653472        0.000000000000000
Inlet u-v metal angle in deg:       -30.061245312226408        0.000000000000000
Exit u-v metal angle in deg:        29.353727766451044        0.000000000000000
Stagger angle in deg:        43.385065018458270       13.323819706231866
 
 Using modified NACA four digit thickness distribution
 Maximum thickness for the blade section =    3.9091654322273760E-002
 Chordwise location for the maximum thickness =   0.41525340157828527     
 Thickness at TE =    6.9833128012086092E-003
 Leading edge radius =    5.5000000000000000     
 TE derivative for maximum thickness chordwise location =  -0.13015733342694463     
 Modified NACA thickness coefficients (u < u_max) =   0.10639263715815862       -5.3214868122202733E-002  -5.7579171955171177E-002   3.5729828118822735E-002
 Modified NACA thickness coefficients (u > u_max) =    6.1789065903945749E-003  0.13215317907463092      -0.16323291829170306        5.7269861850813709E-002
 
 Writing thickness data to file
 
 i_le =            0
 i_te =            0
         121
         241
 
 Stacking position on the chord as % of chord:   55.000000000000000     
 Stacking position in % above(+ve) or below(-ve) meanline :   0.0000000000000000     
 top curve points index range for % chord stacking:          62          63
 bottom curve points index range for % chord stacking:          62          63
 vtop_stack vbot_stack -0.10125074755628109      -0.17693796835589973     
 
 u_stack  v_stack  0.55000000000000004        0.0000000000000000     
 
 chrd bladegen:   0.48618056018362577     
 pitch   0.39269908169872414     
 np_sidee         121
 n_normal_distance =           25
 Number of intersection points (k) =           25 from np_side of         121
 
 Writing non-dimensional throat points to a file for debugging...
 
 ******************************************
 
 Chord multiplier calculated using spline control points...

 ---------------------------------------------------------------------------------
 airfoil type:          15 sect1
  =================================================== 
 Using ellipse based clustering function
 
 Hyperbolic midchord clustering with delta_TE =    4.9083984375000007     
 Hyperbolic midchord clustering with delta_TE =    4.9666992187499996     
 lethk =    2.0000000000000000E-002

Using curvature control for camber definition...
 xcp -0.15000000000000002        0.0000000000000000       0.15000000000000002       0.25000000000000000       0.50000000000000000       0.75000000000000000       0.94999999999999996        1.0000000000000000        1.0500000000000000     
 ycp  0.55139920865256209       0.38317213050549082       0.21494505235841957       0.36674246962676188       0.24257904399055538       0.37194994408769194       0.31306724664699426       0.27812530769459060       0.24318336874218693     
Total camber is:   56.484568827786482
Determinant is:    0.316984772914305
Possible values of scaling factor are:        11.977763548368264       -3.455653029366418
Camber line second derivative scaling factor:        -3.455653029366418        0.000000000000000
Inlet u-v metal angle in deg:       -27.974869684195969        0.000000000000000
Exit u-v metal angle in deg:        28.509699143590506        0.000000000000000
Stagger angle in deg:        43.656717363387422       15.681847679191446
 
 Using modified NACA four digit thickness distribution
 Maximum thickness for the blade section =    4.4367546620245384E-002
 Chordwise location for the maximum thickness =   0.41089263451015190     
 Thickness at TE =    8.0536771647178491E-003
 Leading edge radius =    5.5000000000000009     
 TE derivative for maximum thickness chordwise location =  -0.14537134199262702     
 Modified NACA thickness coefficients (u < u_max) =   0.12075161235823838       -5.8753860164087165E-002  -7.1795912052985800E-002   4.6527288788994155E-002
 Modified NACA thickness coefficients (u > u_max) =    7.0321336706101589E-003  0.14786021596971438      -0.17924015551185193        6.0820855755498088E-002
 
 Writing thickness data to file
 
 i_le =            0
 i_te =            0
         121
         241
 
 Stacking position on the chord as % of chord:   55.000000000000000     
 Stacking position in % above(+ve) or below(-ve) meanline :   0.0000000000000000     
 top curve points index range for % chord stacking:          62          63
 bottom curve points index range for % chord stacking:          62          63
 vtop_stack vbot_stack  -8.8761777246884541E-002 -0.17441283059736665     
 
 u_stack  v_stack  0.55000000000000004        0.0000000000000000     
 
 chrd bladegen:   0.53732618594543091     
 pitch   0.39269908169872414     
 np_sidee         121
 n_normal_distance =           27
 Number of intersection points (k) =           27 from np_side of         121
 
 Writing non-dimensional throat points to a file for debugging...
 
 ******************************************
 
 Chord multiplier calculated using spline control points...

 ---------------------------------------------------------------------------------
 airfoil type:          16 sect1
  =================================================== 
 Using ellipse based clustering function
 
 Hyperbolic midchord clustering with delta_TE =    4.7334960937500004     
 Hyperbolic midchord clustering with delta_TE =    4.8695312500000005     
 lethk =    2.0000000000000000E-002

Using curvature control for camber definition...
 xcp -0.14999999999999999        0.0000000000000000       0.14999999999999999       0.25000000000000000       0.50000000000000000       0.75000000000000000       0.94999999999999996        1.0000000000000000        1.0500000000000000     
 ycp  0.50607136636211103       0.35988968474444810       0.21370800312678520       0.36478929416384953       0.23572300033797994       0.39233035580144160       0.29530756634302086       0.26122575557259770       0.22714394480217454     
Total camber is:   55.071265918118037
Determinant is:    0.289801541357785
Possible values of scaling factor are:        12.447317014214983       -3.382851073624304
Camber line second derivative scaling factor:        -3.382851073624304        0.000000000000000
Inlet u-v metal angle in deg:       -27.157254476238244        0.000000000000000
Exit u-v metal angle in deg:        27.914011441879794        0.000000000000000
Stagger angle in deg:        44.935872159780637       17.778617683542393
 
 Using modified NACA four digit thickness distribution
 Maximum thickness for the blade section =    4.7523763772616030E-002
 Chordwise location for the maximum thickness =   0.40865146031986110     
 Thickness at TE =    8.7309088201759175E-003
 Leading edge radius =    5.5000000000000000     
 TE derivative for maximum thickness chordwise location =  -0.15444301574825767     
 Modified NACA thickness coefficients (u < u_max) =   0.12934163680479127       -6.1901287555556808E-002  -8.1100528240037301E-002   5.3932677075888058E-002
 Modified NACA thickness coefficients (u > u_max) =    7.5642068276725108E-003  0.15726311516464483      -0.18906852046735828        6.3243715386700358E-002
 
 Writing thickness data to file
 
 i_le =            0
 i_te =            0
         121
         241
 
 Stacking position on the chord as % of chord:   55.000000000000000     
 Stacking position in % above(+ve) or below(-ve) meanline :   0.0000000000000000     
 top curve points index range for % chord stacking:          62          63
 bottom curve points index range for % chord stacking:          62          63
 vtop_stack vbot_stack  -8.3213709915401612E-002 -0.17484526125037433     
 
 u_stack  v_stack  0.55000000000000004        0.0000000000000000     
 
 chrd bladegen:   0.58381943213438847     
 pitch   0.39269908169872414     
 np_sidee         121
 n_normal_distance =           28
 Number of intersection points (k) =           28 from np_side of         121
 
 Writing non-dimensional throat points to a file for debugging...
 
 ******************************************
 
 Chord multiplier calculated using spline control points...

 ---------------------------------------------------------------------------------
 airfoil type:          17 sect1
  =================================================== 
 Using ellipse based clustering function
 
 Hyperbolic midchord clustering with delta_TE =    4.4031250000000002     
 Hyperbolic midchord clustering with delta_TE =    4.6946289062500011     
 lethk =    2.0000000000000000E-002

Using curvature control for camber definition...
 xcp -0.15000000000000002        0.0000000000000000       0.15000000000000002       0.25000000000000000       0.50000000000000000       0.75000000000000011       0.94999999999999996        1.0000000000000000        1.0500000000000000     
 ycp  0.29137813650389732       0.24485532582266153       0.19833251514142572       0.36413134286063631       0.18288395371591315       0.40646518941213017       0.18156883907790677       0.17772812115862141       0.17388740323933605     
Total camber is:   50.873037707160385
Determinant is:    0.182520201483397
Possible values of scaling factor are:        15.598219471270282       -3.528339269234307
Camber line second derivative scaling factor:        -3.528339269234307        0.000000000000000
Inlet u-v metal angle in deg:       -25.256316698592485        0.000000000000000
Exit u-v metal angle in deg:        25.616721008567900        0.000000000000000
Stagger angle in deg:        45.581464185492962       20.325147486900477
 
 Using modified NACA four digit thickness distribution
 Maximum thickness for the blade section =    5.3895412062883875E-002
 Chordwise location for the maximum thickness =   0.40471649788939873     
 Thickness at TE =    1.0165715125109656E-002
 Leading edge radius =    5.5000000000000009     
 TE derivative for maximum thickness chordwise location =  -0.17266787541573370     
 Modified NACA thickness coefficients (u < u_max) =   0.14668284367869980       -6.7944984364393043E-002 -0.10138335785881346        7.0662804356777242E-002
 Modified NACA thickness coefficients (u > u_max) =    8.6722815582145306E-003  0.17623553963215818      -0.20925136787408252        6.8566552863148084E-002
 
 Writing thickness data to file
 
 i_le =            0
 i_te =            0
         121
         241
 
 Stacking position on the chord as % of chord:   55.000000000000000     
 Stacking position in % above(+ve) or below(-ve) meanline :   0.0000000000000000     
 top curve points index range for % chord stacking:          62          63
 bottom curve points index range for % chord stacking:          63          64
 vtop_stack vbot_stack  -7.0593123812612818E-002 -0.17431653971462494     
 
 u_stack  v_stack  0.55000000000000004        0.0000000000000000     
 
 chrd bladegen:   0.66654559138958269     
 pitch   0.39269908169872414     
 np_sidee         121
 n_normal_distance =           33
 Number of intersection points (k) =           33 from np_side of         121
 
 Writing non-dimensional throat points to a file for debugging...
 
 ******************************************
 
 Chord multiplier calculated using spline control points...

 ---------------------------------------------------------------------------------
 airfoil type:          18 sect1
  =================================================== 
 Using ellipse based clustering function
 
 Hyperbolic midchord clustering with delta_TE =    8.4453125000000000     
 Hyperbolic midchord clustering with delta_TE =    8.1343750000000004     
 lethk =    2.0000000000000000E-002

Using curvature control for camber definition...
 xcp -0.14999999999999999        0.0000000000000000       0.14999999999999999       0.25000000000000000       0.50000000000000000       0.75000000000000000       0.94999999999999996        1.0000000000000000        1.0500000000000000     
 ycp  0.71713958374199960       0.64481022634799978       0.57248086895399997      -0.64664320766300010      -0.21442183373199994       0.47540605999999996        6.4071861360000051E-002   7.2289719049999951E-002   8.0507576739999850E-002
Total camber is:  -71.794460519318179
Determinant is:    0.052291956777666
Possible values of scaling factor are:       -38.693110313764336       20.257511544625821
Camber line second derivative scaling factor:        20.257511544625821        0.000000000000000
Inlet u-v metal angle in deg:        37.157880787544734        0.000000000000000
Exit u-v metal angle in deg:       -34.636579731773466        0.000000000000000
Stagger angle in deg:       -32.205910286630186        4.951970500914547
 
 Using modified NACA four digit thickness distribution
 Maximum thickness for the blade section =    1.0000000000000002E-002
 Chordwise location for the maximum thickness =   0.59999999999999998     
 Thickness at TE =    5.0000000000000023E-004
 Leading edge radius =    5.5000000000000000     
 TE derivative for maximum thickness chordwise location =   -7.0000000025600015E-002
 Modified NACA thickness coefficients (u < u_max) =    2.7216202282219080E-002  -1.7881984286702991E-002  -3.4599109693883266E-003   4.1350874249640648E-003
 Modified NACA thickness coefficients (u > u_max) =    4.6732698264149303E-004   7.0160349016572990E-002 -0.17206412600739290       0.14060614956112774     
 
 Writing thickness data to file
 
 i_le =            0
 i_te =            0
         121
         241
 
 Stacking position on the chord as % of chord:   55.000000000000000     
 Stacking position in % above(+ve) or below(-ve) meanline :   0.0000000000000000     
 top curve points index range for % chord stacking:          61          62
 bottom curve points index range for % chord stacking:          62          63
 vtop_stack vbot_stack  -6.1206662728082936E-002  -8.8653779669324945E-002
 
 u_stack  v_stack  0.55000000000000004        0.0000000000000000     
 
 chrd bladegen:   0.17758573341213549     
 pitch   0.39269908169872414     
 np_sidee         121
 n_normal_distance =            9
 Number of intersection points (k) =            9 from np_side of         121
 
 Writing non-dimensional throat points to a file for debugging...
 
 ******************************************
 Number of airfoil coordinates:         241
 
 Stacking Axis location:       55000
 
 Section #           1
 Section #           2
 Section #           3
 Section #           4
 Section #           5
 Section #           6
 Section #           7
 Section #           8
 Section #           9
 Section #          10
 Section #          11
 Section #          12
 Section #          13
 Section #          14
 Section #          15
 Section #          16
 Section #          17
 Section #          18
 i_slope           0
 i_slope           0
 i_slope           0
 i_slope           0
 i_slope           0
 i_slope           0
 i_slope           0
 i_slope           0
 i_slope           0
 i_slope           0
 i_slope           0
 i_slope           0
 i_slope           0
 i_slope           0
 i_slope           0
 i_slope           0
 i_slope           0
 i_slope           0
 
 span          delta_m
   0.0000000000000000        0.0000000000000000     
  0.92574062316717920        0.0000000000000000     
  0.85584074833490698        0.0000000000000000     
  0.78346195010650521        0.0000000000000000     
  0.70684592235222055        0.0000000000000000     
  0.62515674904308283        0.0000000000000000     
  0.57305612068875378        0.0000000000000000     
  0.55280677550534940        0.0000000000000000     
  0.51807302326910765        0.0000000000000000     
  0.48932039434329022        0.0000000000000000     
  0.43935279309718145        0.0000000000000000     
  0.38632977464193186        0.0000000000000000     
  0.35649621981661184        0.0000000000000000     
  0.30513062107389327        0.0000000000000000     
  0.23687375360880564        0.0000000000000000     
  0.19615887806222868        0.0000000000000000     
  0.11396527266661650        0.0000000000000000     
   1.0000000000000000        0.0000000000000000     
 
 span         delta_theta
   0.0000000000000000        0.0000000000000000     
  0.92574062316717920        0.0000000000000000     
  0.85584074833490698        0.0000000000000000     
  0.78346195010650521        0.0000000000000000     
  0.70684592235222055        0.0000000000000000     
  0.62515674904308283        0.0000000000000000     
  0.57305612068875378        0.0000000000000000     
  0.55280677550534940        0.0000000000000000     
  0.51807302326910765        0.0000000000000000     
  0.48932039434329022        0.0000000000000000     
  0.43935279309718145        0.0000000000000000     
  0.38632977464193186        0.0000000000000000     
  0.35649621981661184        0.0000000000000000     
  0.30513062107389327        0.0000000000000000     
  0.23687375360880564        0.0000000000000000     
  0.19615887806222868        0.0000000000000000     
  0.11396527266661650        0.0000000000000000     
   1.0000000000000000        0.0000000000000000     
 
 section(           1 )
 3D throat line [mm] =   129.95819329161944     
 3D mouth line [mm] =   134.01022818625114     
 3D exit line [mm] =   171.24439082667527     
 section(           2 )
 3D throat line [mm] =   358.06171819754718     
 3D mouth line [mm] =   389.16712880830175     
 3D exit line [mm] =   376.06872323397442     
 section(           3 )
 3D throat line [mm] =   363.52881087759795     
 3D mouth line [mm] =   370.23663432335923     
 3D exit line [mm] =   363.52881087759795     
 section(           4 )
 3D throat line [mm] =   338.89301397653213     
 3D mouth line [mm] =   350.19551061259784     
 3D exit line [mm] =   338.89301397653213     
 section(           5 )
 3D throat line [mm] =   302.82920557771502     
 3D mouth line [mm] =   329.68377915955188     
 3D exit line [mm] =   302.82920557771502     
 section(           6 )
 3D throat line [mm] =   231.26097827568054     
 3D mouth line [mm] =   306.34526231101881     
 3D exit line [mm] =   231.26097827568054     
 section(           7 )
 3D throat line [mm] =   203.38278355165511     
 3D mouth line [mm] =   293.34076624399682     
 3D exit line [mm] =   203.38278355165511     
 section(           8 )
 3D throat line [mm] =   192.59452278203872     
 3D mouth line [mm] =   286.86580031401712     
 3D exit line [mm] =   192.59452278203872     
 section(           9 )
 3D throat line [mm] =   170.48753642190704     
 3D mouth line [mm] =   275.56329739111931     
 3D exit line [mm] =   170.48753642190704     
 section(          10 )
 3D throat line [mm] =   162.94140421565743     
 3D mouth line [mm] =   266.07634636681485     
 3D exit line [mm] =   162.94140421565743     
 section(          11 )
 3D throat line [mm] =   151.75366392535776     
 3D mouth line [mm] =   247.60103834317138     
 3D exit line [mm] =   151.75366392535776     
 section(          12 )
 3D throat line [mm] =   145.94057075888645     
 3D mouth line [mm] =   229.68476444837478     
 3D exit line [mm] =   145.94057075888645     
 section(          13 )
 3D throat line [mm] =   139.67907798840582     
 3D mouth line [mm] =   219.83840146727701     
 3D exit line [mm] =   139.67907798840582     
 section(          14 )
 3D throat line [mm] =   124.22646148864600     
 3D mouth line [mm] =   201.99179590497670     
 3D exit line [mm] =   124.22646148864600     
 section(          15 )
 3D throat line [mm] =   110.83584661278232     
 3D mouth line [mm] =   180.37834273185126     
 3D exit line [mm] =   110.83584661278232     
 section(          16 )
 3D throat line [mm] =   98.248832289450718     
 3D mouth line [mm] =   164.29382608908813     
 3D exit line [mm] =   98.248832289450718     
 section(          17 )
 3D throat line [mm] =   81.699887453767190     
 3D mouth line [mm] =   142.23559759825255     
 3D exit line [mm] =   81.699887453767190     
 section(          18 )
 3D throat line [mm] =   356.65353235258465     
 3D mouth line [mm] =   409.65295913866754     
 3D exit line [mm] =   400.03400755601388     
 Number of radial sections:          18
 
 Writing 3D blade geometry ...
 
 chord_actual(mm):   237.15601614225588     
 chord_actual(mm):   174.63804973423885     
 chord_actual(mm):   175.86166171786405     
 chord_actual(mm):   179.59684863637162     
 chord_actual(mm):   194.03746160517812     
 chord_actual(mm):   232.13539916342035     
 chord_actual(mm):   254.56963445682089     
 chord_actual(mm):   264.99282089057181     
 chord_actual(mm):   275.86636358149872     
 chord_actual(mm):   279.42175559691981     
 chord_actual(mm):   278.40409366212401     
 chord_actual(mm):   274.36959912198779     
 chord_actual(mm):   278.57156603716453     
 chord_actual(mm):   286.15931255573719     
 chord_actual(mm):   294.18123363029213     
 chord_actual(mm):   306.13922258501566     
 chord_actual(mm):   318.45543076044390     
 chord_actual(mm):   184.96838363145582     
 
 Calculating the meanline by taking the average of PS ans SS in 3D...
 Writing the meanline in 3D to meanline.sec#.dat files...
 
 Writing the top and bottom periodic wall coordinates...
 
         121
 throat_index           1          41
 throat_index           2           2
 throat_index           3           5
 throat_index           4           5
 throat_index           5          15
 throat_index           6          24
 throat_index           7          36
 throat_index           8          30
 throat_index           9          27
 throat_index          10          25
 throat_index          11          23
 throat_index          12          23
 throat_index          13          23
 throat_index          14          25
 throat_index          15          27
 throat_index          16          28
 throat_index          17          33
 throat_index          18           2
 
 casename:GE_E3_Fan_rotor
 
 fname: blade3d.GE_E3_Fan_rotor.dat
 
 Creating section data files for CAD system
 
 Number of points:          241
 
 Number of sections:           18
 
 bsf:    10.000000000000000     
 Number of blades in this row:           16

 --- END ---
 
